Loading C:\Users\shfry\Documents\GitHub\kz_slopfest-opus48\entries\kz_slop_opus48_v1\kz_slop_opus48_v1.vmf
"nature/rockfloor002c" - "materials/nature/rockfloor002c.vtf": cached version doesn't exist
Patching WVT material: maps/kz_slop_opus48_v1/nature/blenddirtgrass001a_wvt_patch
fixing up env_cubemap materials on brush sides...
ProcessBlock_Thread : 0...1...2...3...4...5...6...7...8...9...10 (0)
ProcessBlock_Thread : 0...1...2...3...4...5...6...7...8...9...10 (0)
Processing areas...
done (0)
Building Faces...done (0)
FixTjuncs...
PruneNodes...
WriteBSP...
done (0)
writing C:\Users\shfry\Documents\GitHub\kz_slopfest-opus48\entries\kz_slop_opus48_v1\kz_slop_opus48_v1.prt...
Building visibility clusters...
AutoVisClustering (threshold=-1) matched 0 leafs.
done (0)
Finding displacement neighbors...
Finding lightmap sample positions...
Building Physics collision data...
done (0) (38132 bytes)
Placing detail props : 0...1...2...3...4...5...6...7...8...9...10
Compacting texture/material tables...
Reduced 31 texinfos to 23
Reduced 13 texdatas to 12 (310 bytes to 284)
Writing C:\Users\shfry\Documents\GitHub\kz_slopfest-opus48\entries\kz_slop_opus48_v1\kz_slop_opus48_v1.bsp
MSG_FILEWRITE - Filesystem was asked to write to 'c:\users\shfry\documents\github\kz_slopfest-opus48\entries\kz_slop_opus48_v1\kz_slop_opus48_v1.bsp', but we don't own that location. Allowing...
0 seconds elapsed
24 threads
reading C:\Users\shfry\Documents\GitHub\kz_slopfest-opus48\entries\kz_slop_opus48_v1\kz_slop_opus48_v1.bsp
reading C:\Users\shfry\Documents\GitHub\kz_slopfest-opus48\entries\kz_slop_opus48_v1\kz_slop_opus48_v1.prt
 160 portalclusters
 668 numportals
BasePortalVis : 0...1...2...3...4...5...6...7...8...9...10 (0)
PortalFlow : 0...1...2...3...4...5...6...7...8...9...10 (2)
Optimized: 36 visible clusters (0.16%)
Total clusters visible: 21940
Average clusters visible: 137
Building PAS...
Average clusters audible: 159
visdatasize:7628  compressed from 7680
writing C:\Users\shfry\Documents\GitHub\kz_slopfest-opus48\entries\kz_slop_opus48_v1\kz_slop_opus48_v1.bsp
MSG_FILEWRITE - Filesystem was asked to write to 'c:\users\shfry\documents\github\kz_slopfest-opus48\entries\kz_slop_opus48_v1\kz_slop_opus48_v1.bsp', but we don't own that location. Allowing...
2 seconds elapsed
[Reading texlights from 'lights.rad']
[56 texlights parsed from 'lights.rad']

Loading C:\Users\shfry\Documents\GitHub\kz_slopfest-opus48\entries\kz_slop_opus48_v1\kz_slop_opus48_v1.bsp
362 faces
702731 square feet [101193344.00 square inches]
0 Displacements
0 Square Feet [0.00 Square Inches]
362 patches before subdivision
44410 patches after subdivision
2 direct lights
BuildFacelights : 0...1...2...3...4...5...6...7...8...9...10 (2)
BuildVisLeafs : 0...1...2...3...4...5...6...7...8...9...10 (0)
transfers 3635986, max 406
transfer lists:  27.7 megs
GatherLight : 0...1...2...3...4...5...6...7...8...9...10 (0)
	Bounce #1 added RGB(101169, 90165, 71289)
GatherLight : 0...1...2...3...4...5...6...7...8...9...10 (0)
	Bounce #2 added RGB(8871, 6948, 4143)
GatherLight : 0...1...2...3...4...5...6...7...8...9...10 (0)
	Bounce #3 added RGB(829, 571, 257)
GatherLight : 0...1...2...3...4...5...6...7...8...9...10 (0)
	Bounce #4 added RGB(81, 49, 17)
GatherLight : 0...1...2...3...4...5...6...7...8...9...10 (0)
	Bounce #5 added RGB(8, 4, 1)
GatherLight : 0...1...2...3...4...5...6...7...8...9...10 (0)
	Bounce #6 added RGB(1, 0, 0)
Build Patch/Sample Hash Table(s).....Done<0.0047 sec>
FinalLightFace : 0...1...2...3...4...5...6...7...8...9...10 (0)
FinalLightFace Done
0 of 0 (0% of) surface lights went in leaf ambient cubes.
ThreadComputeLeafAmbient : 0...1...2...3...4...5...6...7...8...9...10 (0)
Writing leaf ambient...done
Ready to Finish

Object names       Objects/Maxobjs    Memory / Maxmem  Fullness 
------------       ---------------    ---------------  -------- 
models                   7/65536         336/3145728    ( 0.0%) 
brushes                 36/131072        432/1572864    ( 0.0%) 
brushsides             216/1310720      3456/20971520   ( 0.0%) 
planes                 272/1048576      5440/20971520   ( 0.0%) 
vertexes               461/1048576      5532/12582912   ( 0.0%) 
nodes                  275/1048576     13200/50331648   ( 0.0%) 
texinfos                23/0            1656/0          ( 0.0%) 
texdata                 12/16384         384/524288     ( 0.1%) 
dispinfos                0/262144          0/60817408   ( 0.0%) 
disp_verts               0/0               0/0          ( 0.0%) 
disp_tris                0/0               0/0          ( 0.0%) 
disp_multiblend          0/0               0/0          ( 0.0%) 
disp_lmsamples           0/0               0/0          ( 0.0%) 
faces                  362/1048576     26064/75497472   ( 0.0%) 
hdr faces              362/1048576     26064/75497472   ( 0.0%) 
origfaces              174/1048576     12528/75497472   ( 0.0%) 
facebrushes              0/0               0/0          ( 0.0%) 
facebrushlists         362/0            2896/0          ( 0.0%) 
leaves                 283/1048576     15848/58720256   ( 0.0%) 
leaffaces              406/1048576      1624/4194304    ( 0.0%) 
leafbrushes            110/1048576       440/4194304    ( 0.0%) 
areas                    2/65536          16/524288     ( 0.0%) 
surfedges             2183/8192000      8732/32768000   ( 0.0%) 
edges                 1118/4096000      8944/32768000   ( 0.0%) 
LDR worldlights          0/0               0/0          ( 0.0%) 
HDR worldlights          2/0             200/0          ( 0.0%) 
leafwaterdata            0/32768           0/393216     ( 0.0%) 
waterstrips              0/1048576         0/20971520   ( 0.0%) 
waterverts               0/1048576         0/12582912   ( 0.0%) 
waterindices             0/1048576         0/4194304    ( 0.0%) 
cubemapsamples           0/16384           0/262144     ( 0.0%) 
overlays              [variable]           0/0          ( 0.0%) 
overlaytrans             0/16384           0/268435456  ( 0.0%) 
colorvars                0/16777214        0/1073741696 ( 0.0%) 
LDR lightdata         [variable]           0/0          ( 0.0%) 
HDR lightdata         [variable]     4129544/0          ( 0.0%) 
visdata               [variable]        7628/268435456  ( 0.0%) 
entdata               [variable]        2748/393216     ( 0.7%) 
LDR ambient table      283/1048576      2264/8388608    ( 0.0%) 
HDR ambient table      283/1048576      2264/8388608    ( 0.0%) 
LDR leaf ambient       283/1048576      7924/29360128   ( 0.0%) 
HDR leaf ambient      1796/1048576     50288/29360128   ( 0.2%) 
occluders                0/0               0/0          ( 0.0%) 
occluder polygons        0/0               0/0          ( 0.0%) 
occluder vert ind        0/0               0/0          ( 0.0%) 
detail props          [variable]           1/12         ( 8.3%) 
static props          [variable]           1/12         ( 8.3%) 
pakfile               [variable]       75060/0          ( 0.0%) 
physics               [variable]       38132/4194304    ( 0.9%) 
physics terrain       [variable]           4/1048576    ( 0.0%) 

Level flags = 4000007c

Total triangle count: 763
Writing C:\Users\shfry\Documents\GitHub\kz_slopfest-opus48\entries\kz_slop_opus48_v1\kz_slop_opus48_v1.bsp
MSG_FILEWRITE - Filesystem was asked to write to 'c:\users\shfry\documents\github\kz_slopfest-opus48\entries\kz_slop_opus48_v1\kz_slop_opus48_v1.bsp', but we don't own that location. Allowing...
2 seconds elapsed
Loading C:\Users\shfry\Documents\GitHub\kz_slopfest-opus48\entries\kz_slop_opus48_v1\kz_slop_opus48_v1.vmf
"nature/rockfloor002c" - "materials/nature/rockfloor002c.vtf": cached version doesn't exist
Patching WVT material: maps/kz_slop_opus48_v1/nature/blenddirtgrass001a_wvt_patch
fixing up env_cubemap materials on brush sides...
ProcessBlock_Thread : 0...1...2...3...4...5...6...7...8...9...10 (0)
ProcessBlock_Thread : 0...1...2...3...4...5...6...7...8...9...10 (0)
Processing areas...
done (0)
Building Faces...done (0)
FixTjuncs...
PruneNodes...
WriteBSP...
done (0)
writing C:\Users\shfry\Documents\GitHub\kz_slopfest-opus48\entries\kz_slop_opus48_v1\kz_slop_opus48_v1.prt...
Building visibility clusters...
AutoVisClustering (threshold=-1) matched 0 leafs.
done (0)
Finding displacement neighbors...
Finding lightmap sample positions...
Building Physics collision data...
done (0) (36901 bytes)
Placing detail props : 0...1...2...3...4...5...6...7...8...9...10
Compacting texture/material tables...
Reduced 31 texinfos to 23
Reduced 13 texdatas to 12 (310 bytes to 284)
Writing C:\Users\shfry\Documents\GitHub\kz_slopfest-opus48\entries\kz_slop_opus48_v1\kz_slop_opus48_v1.bsp
MSG_FILEWRITE - Filesystem was asked to write to 'c:\users\shfry\documents\github\kz_slopfest-opus48\entries\kz_slop_opus48_v1\kz_slop_opus48_v1.bsp', but we don't own that location. Allowing...
0 seconds elapsed
24 threads
reading C:\Users\shfry\Documents\GitHub\kz_slopfest-opus48\entries\kz_slop_opus48_v1\kz_slop_opus48_v1.bsp
reading C:\Users\shfry\Documents\GitHub\kz_slopfest-opus48\entries\kz_slop_opus48_v1\kz_slop_opus48_v1.prt
 160 portalclusters
 668 numportals
BasePortalVis : 0...1...2...3...4...5...6...7...8...9...10 (0)
PortalFlow : 0...1...2...3...4...5...6...7...8...9...10 (2)
Optimized: 36 visible clusters (0.16%)
Total clusters visible: 21940
Average clusters visible: 137
Building PAS...
Average clusters audible: 159
visdatasize:7628  compressed from 7680
writing C:\Users\shfry\Documents\GitHub\kz_slopfest-opus48\entries\kz_slop_opus48_v1\kz_slop_opus48_v1.bsp
MSG_FILEWRITE - Filesystem was asked to write to 'c:\users\shfry\documents\github\kz_slopfest-opus48\entries\kz_slop_opus48_v1\kz_slop_opus48_v1.bsp', but we don't own that location. Allowing...
2 seconds elapsed
[Reading texlights from 'lights.rad']
[56 texlights parsed from 'lights.rad']

Loading C:\Users\shfry\Documents\GitHub\kz_slopfest-opus48\entries\kz_slop_opus48_v1\kz_slop_opus48_v1.bsp
356 faces
702052 square feet [101095552.00 square inches]
0 Displacements
0 Square Feet [0.00 Square Inches]
356 patches before subdivision
44404 patches after subdivision
2 direct lights
BuildFacelights : 0...1...2...3...4...5...6...7...8...9...10 (2)
BuildVisLeafs : 0...1...2...3...4...5...6...7...8...9...10 (0)
transfers 3635018, max 406
transfer lists:  27.7 megs
GatherLight : 0...1...2...3...4...5...6...7...8...9...10 (0)
	Bounce #1 added RGB(101135, 90137, 71270)
GatherLight : 0...1...2...3...4...5...6...7...8...9...10 (0)
	Bounce #2 added RGB(8868, 6945, 4141)
GatherLight : 0...1...2...3...4...5...6...7...8...9...10 (0)
	Bounce #3 added RGB(829, 571, 257)
GatherLight : 0...1...2...3...4...5...6...7...8...9...10 (0)
	Bounce #4 added RGB(81, 49, 17)
GatherLight : 0...1...2...3...4...5...6...7...8...9...10 (0)
	Bounce #5 added RGB(8, 4, 1)
GatherLight : 0...1...2...3...4...5...6...7...8...9...10 (0)
	Bounce #6 added RGB(1, 0, 0)
Build Patch/Sample Hash Table(s).....Done<0.0043 sec>
FinalLightFace : 0...1...2...3...4...5...6...7...8...9...10 (0)
FinalLightFace Done
0 of 0 (0% of) surface lights went in leaf ambient cubes.
ThreadComputeLeafAmbient : 0...1...2...3...4...5...6...7...8...9...10 (0)
Writing leaf ambient...done
Ready to Finish

Object names       Objects/Maxobjs    Memory / Maxmem  Fullness 
------------       ---------------    ---------------  -------- 
models                   6/65536         288/3145728    ( 0.0%) 
brushes                 35/131072        420/1572864    ( 0.0%) 
brushsides             210/1310720      3360/20971520   ( 0.0%) 
planes                 264/1048576      5280/20971520   ( 0.0%) 
vertexes               453/1048576      5436/12582912   ( 0.0%) 
nodes                  269/1048576     12912/50331648   ( 0.0%) 
texinfos                23/0            1656/0          ( 0.0%) 
texdata                 12/16384         384/524288     ( 0.1%) 
dispinfos                0/262144          0/60817408   ( 0.0%) 
disp_verts               0/0               0/0          ( 0.0%) 
disp_tris                0/0               0/0          ( 0.0%) 
disp_multiblend          0/0               0/0          ( 0.0%) 
disp_lmsamples           0/0               0/0          ( 0.0%) 
faces                  356/1048576     25632/75497472   ( 0.0%) 
hdr faces              356/1048576     25632/75497472   ( 0.0%) 
origfaces              168/1048576     12096/75497472   ( 0.0%) 
facebrushes              0/0               0/0          ( 0.0%) 
facebrushlists         356/0            2848/0          ( 0.0%) 
leaves                 276/1048576     15456/58720256   ( 0.0%) 
leaffaces              400/1048576      1600/4194304    ( 0.0%) 
leafbrushes            109/1048576       436/4194304    ( 0.0%) 
areas                    2/65536          16/524288     ( 0.0%) 
surfedges             2135/8192000      8540/32768000   ( 0.0%) 
edges                 1094/4096000      8752/32768000   ( 0.0%) 
LDR worldlights          0/0               0/0          ( 0.0%) 
HDR worldlights          2/0             200/0          ( 0.0%) 
leafwaterdata            0/32768           0/393216     ( 0.0%) 
waterstrips              0/1048576         0/20971520   ( 0.0%) 
waterverts               0/1048576         0/12582912   ( 0.0%) 
waterindices             0/1048576         0/4194304    ( 0.0%) 
cubemapsamples           0/16384           0/262144     ( 0.0%) 
overlays              [variable]           0/0          ( 0.0%) 
overlaytrans             0/16384           0/268435456  ( 0.0%) 
colorvars                0/16777214        0/1073741696 ( 0.0%) 
LDR lightdata         [variable]           0/0          ( 0.0%) 
HDR lightdata         [variable]     4129544/0          ( 0.0%) 
visdata               [variable]        7628/268435456  ( 0.0%) 
entdata               [variable]        2371/393216     ( 0.6%) 
LDR ambient table      276/1048576      2208/8388608    ( 0.0%) 
HDR ambient table      276/1048576      2208/8388608    ( 0.0%) 
LDR leaf ambient       276/1048576      7728/29360128   ( 0.0%) 
HDR leaf ambient      1736/1048576     48608/29360128   ( 0.2%) 
occluders                0/0               0/0          ( 0.0%) 
occluder polygons        0/0               0/0          ( 0.0%) 
occluder vert ind        0/0               0/0          ( 0.0%) 
detail props          [variable]           1/12         ( 8.3%) 
static props          [variable]           1/12         ( 8.3%) 
pakfile               [variable]       75060/0          ( 0.0%) 
physics               [variable]       36901/4194304    ( 0.9%) 
physics terrain       [variable]           4/1048576    ( 0.0%) 

Level flags = 4000007c

Total triangle count: 751
Writing C:\Users\shfry\Documents\GitHub\kz_slopfest-opus48\entries\kz_slop_opus48_v1\kz_slop_opus48_v1.bsp
MSG_FILEWRITE - Filesystem was asked to write to 'c:\users\shfry\documents\github\kz_slopfest-opus48\entries\kz_slop_opus48_v1\kz_slop_opus48_v1.bsp', but we don't own that location. Allowing...
2 seconds elapsed
Loading C:\Users\shfry\Documents\GitHub\kz_slopfest-opus48\entries\kz_slop_opus48_v1\kz_slop_opus48_v1.vmf
"nature/rockfloor002c" - "materials/nature/rockfloor002c.vtf": cached version doesn't exist
Patching WVT material: maps/kz_slop_opus48_v1/nature/blenddirtgrass001a_wvt_patch
fixing up env_cubemap materials on brush sides...
ProcessBlock_Thread : 0...1...2...3...4...5...6...7...8...9...10 (0)
ProcessBlock_Thread : 0...1...2...3...4...5...6...7...8...9...10 (0)
Processing areas...
done (0)
Building Faces...done (0)
FixTjuncs...
PruneNodes...
WriteBSP...
done (0)
writing C:\Users\shfry\Documents\GitHub\kz_slopfest-opus48\entries\kz_slop_opus48_v1\kz_slop_opus48_v1.prt...
Building visibility clusters...
AutoVisClustering (threshold=-1) matched 0 leafs.
done (0)
Finding displacement neighbors...
Finding lightmap sample positions...
Building Physics collision data...
done (0) (36901 bytes)
Placing detail props : 0...1...2...3...4...5...6...7...8...9...10
Compacting texture/material tables...
Reduced 31 texinfos to 23
Reduced 13 texdatas to 12 (310 bytes to 284)
Writing C:\Users\shfry\Documents\GitHub\kz_slopfest-opus48\entries\kz_slop_opus48_v1\kz_slop_opus48_v1.bsp
MSG_FILEWRITE - Filesystem was asked to write to 'c:\users\shfry\documents\github\kz_slopfest-opus48\entries\kz_slop_opus48_v1\kz_slop_opus48_v1.bsp', but we don't own that location. Allowing...
0 seconds elapsed
24 threads
reading C:\Users\shfry\Documents\GitHub\kz_slopfest-opus48\entries\kz_slop_opus48_v1\kz_slop_opus48_v1.bsp
reading C:\Users\shfry\Documents\GitHub\kz_slopfest-opus48\entries\kz_slop_opus48_v1\kz_slop_opus48_v1.prt
 160 portalclusters
 668 numportals
BasePortalVis : 0...1...2...3...4...5...6...7...8...9...10 (0)
PortalFlow : 0...1...2...3...4...5...6...7...8...9...10 (2)
Optimized: 36 visible clusters (0.16%)
Total clusters visible: 21940
Average clusters visible: 137
Building PAS...
Average clusters audible: 159
visdatasize:7628  compressed from 7680
writing C:\Users\shfry\Documents\GitHub\kz_slopfest-opus48\entries\kz_slop_opus48_v1\kz_slop_opus48_v1.bsp
MSG_FILEWRITE - Filesystem was asked to write to 'c:\users\shfry\documents\github\kz_slopfest-opus48\entries\kz_slop_opus48_v1\kz_slop_opus48_v1.bsp', but we don't own that location. Allowing...
2 seconds elapsed
[Reading texlights from 'lights.rad']
[56 texlights parsed from 'lights.rad']

Loading C:\Users\shfry\Documents\GitHub\kz_slopfest-opus48\entries\kz_slop_opus48_v1\kz_slop_opus48_v1.bsp
356 faces
702052 square feet [101095552.00 square inches]
0 Displacements
0 Square Feet [0.00 Square Inches]
356 patches before subdivision
44404 patches after subdivision
2 direct lights
BuildFacelights : 0...1...2...3...4...5...6...7...8...9...10 (2)
BuildVisLeafs : 0...1...2...3...4...5...6...7...8...9...10 (0)
transfers 3635018, max 406
transfer lists:  27.7 megs
GatherLight : 0...1...2...3...4...5...6...7...8...9...10 (0)
	Bounce #1 added RGB(101141, 90143, 71275)
GatherLight : 0...1...2...3...4...5...6...7...8...9...10 (0)
	Bounce #2 added RGB(8868, 6946, 4142)
GatherLight : 0...1...2...3...4...5...6...7...8...9...10 (0)
	Bounce #3 added RGB(829, 571, 257)
GatherLight : 0...1...2...3...4...5...6...7...8...9...10 (0)
	Bounce #4 added RGB(81, 49, 17)
GatherLight : 0...1...2...3...4...5...6...7...8...9...10 (0)
	Bounce #5 added RGB(8, 4, 1)
GatherLight : 0...1...2...3...4...5...6...7...8...9...10 (0)
	Bounce #6 added RGB(1, 0, 0)
Build Patch/Sample Hash Table(s).....Done<0.0048 sec>
FinalLightFace : 0...1...2...3...4...5...6...7...8...9...10 (0)
FinalLightFace Done
0 of 0 (0% of) surface lights went in leaf ambient cubes.
ThreadComputeLeafAmbient : 0...1...2...3...4...5...6...7...8...9...10 (0)
Writing leaf ambient...done
Ready to Finish

Object names       Objects/Maxobjs    Memory / Maxmem  Fullness 
------------       ---------------    ---------------  -------- 
models                   6/65536         288/3145728    ( 0.0%) 
brushes                 35/131072        420/1572864    ( 0.0%) 
brushsides             210/1310720      3360/20971520   ( 0.0%) 
planes                 264/1048576      5280/20971520   ( 0.0%) 
vertexes               453/1048576      5436/12582912   ( 0.0%) 
nodes                  269/1048576     12912/50331648   ( 0.0%) 
texinfos                23/0            1656/0          ( 0.0%) 
texdata                 12/16384         384/524288     ( 0.1%) 
dispinfos                0/262144          0/60817408   ( 0.0%) 
disp_verts               0/0               0/0          ( 0.0%) 
disp_tris                0/0               0/0          ( 0.0%) 
disp_multiblend          0/0               0/0          ( 0.0%) 
disp_lmsamples           0/0               0/0          ( 0.0%) 
faces                  356/1048576     25632/75497472   ( 0.0%) 
hdr faces              356/1048576     25632/75497472   ( 0.0%) 
origfaces              168/1048576     12096/75497472   ( 0.0%) 
facebrushes              0/0               0/0          ( 0.0%) 
facebrushlists         356/0            2848/0          ( 0.0%) 
leaves                 276/1048576     15456/58720256   ( 0.0%) 
leaffaces              400/1048576      1600/4194304    ( 0.0%) 
leafbrushes            109/1048576       436/4194304    ( 0.0%) 
areas                    2/65536          16/524288     ( 0.0%) 
surfedges             2135/8192000      8540/32768000   ( 0.0%) 
edges                 1094/4096000      8752/32768000   ( 0.0%) 
LDR worldlights          0/0               0/0          ( 0.0%) 
HDR worldlights          2/0             200/0          ( 0.0%) 
leafwaterdata            0/32768           0/393216     ( 0.0%) 
waterstrips              0/1048576         0/20971520   ( 0.0%) 
waterverts               0/1048576         0/12582912   ( 0.0%) 
waterindices             0/1048576         0/4194304    ( 0.0%) 
cubemapsamples           0/16384           0/262144     ( 0.0%) 
overlays              [variable]           0/0          ( 0.0%) 
overlaytrans             0/16384           0/268435456  ( 0.0%) 
colorvars                0/16777214        0/1073741696 ( 0.0%) 
LDR lightdata         [variable]           0/0          ( 0.0%) 
HDR lightdata         [variable]     4129544/0          ( 0.0%) 
visdata               [variable]        7628/268435456  ( 0.0%) 
entdata               [variable]        2371/393216     ( 0.6%) 
LDR ambient table      276/1048576      2208/8388608    ( 0.0%) 
HDR ambient table      276/1048576      2208/8388608    ( 0.0%) 
LDR leaf ambient       276/1048576      7728/29360128   ( 0.0%) 
HDR leaf ambient      1736/1048576     48608/29360128   ( 0.2%) 
occluders                0/0               0/0          ( 0.0%) 
occluder polygons        0/0               0/0          ( 0.0%) 
occluder vert ind        0/0               0/0          ( 0.0%) 
detail props          [variable]           1/12         ( 8.3%) 
static props          [variable]           1/12         ( 8.3%) 
pakfile               [variable]       75060/0          ( 0.0%) 
physics               [variable]       36901/4194304    ( 0.9%) 
physics terrain       [variable]           4/1048576    ( 0.0%) 

Level flags = 4000007c

Total triangle count: 751
Writing C:\Users\shfry\Documents\GitHub\kz_slopfest-opus48\entries\kz_slop_opus48_v1\kz_slop_opus48_v1.bsp
MSG_FILEWRITE - Filesystem was asked to write to 'c:\users\shfry\documents\github\kz_slopfest-opus48\entries\kz_slop_opus48_v1\kz_slop_opus48_v1.bsp', but we don't own that location. Allowing...
2 seconds elapsed
