PRT1
160
668
4 0 26 (4096 0 1296 ) (4096 0 1424 ) (4096 22 1424 ) (4096 22 1296 ) 
4 0 25 (4096 22 1424 ) (4096 56 1424 ) (4096 56 1296 ) (4096 22 1296 ) 
4 0 22 (4096 56 1424 ) (4096 1024 1424 ) (4096 1024 1296 ) (4096 56 1296 ) 
4 0 11 (5054 0 1296 ) (5054 0 1424 ) (4096 0 1424 ) (4096 0 1296 ) 
4 0 8 (4126 0 1296 ) (4096 0 1296 ) (4096 22 1296 ) (4126 22 1296 ) 
4 0 7 (4096 22 1296 ) (4096 640 1296 ) (4126 640 1296 ) (4126 22 1296 ) 
4 0 4 (4414 0 1296 ) (4222 0 1296 ) (4222 80 1296 ) (4414 80 1296 ) 
4 0 3 (4222 80 1296 ) (4222 640 1296 ) (4414 640 1296 ) (4414 80 1296 ) 
4 0 2 (5054 640 1296 ) (5054 0 1296 ) (4414 0 1296 ) (4414 640 1296 ) 
4 0 6 (4222 0 1296 ) (4126 0 1296 ) (4126 640 1296 ) (4222 640 1296 ) 
4 0 1 (4096 1024 1296 ) (5054 1024 1296 ) (5054 736 1296 ) (4096 736 1296 ) 
4 1 86 (4096 1024 -32 ) (4096 1024 -672 ) (4096 736 -672 ) (4096 736 -32 ) 
4 1 75 (4096 1024 0 ) (4096 1024 -32 ) (4096 736 -32 ) (4096 736 0 ) 
4 1 23 (4096 736 1296 ) (4096 1024 1296 ) (4096 1024 0 ) (4096 736 0 ) 
4 2 12 (5054 0 368 ) (5054 0 1296 ) (4414 0 1296 ) (4414 0 368 ) 
4 2 5 (4414 80 368 ) (4414 0 368 ) (4414 0 400 ) (4414 80 400 ) 
4 2 4 (4414 0 400 ) (4414 0 1296 ) (4414 80 1296 ) (4414 80 400 ) 
4 2 3 (4414 640 1296 ) (4414 640 368 ) (4414 80 368 ) (4414 80 1296 ) 
4 2 10 (4414 640 368 ) (5054 640 368 ) (5054 0 368 ) (4414 0 368 ) 
4 3 5 (4222 80 400 ) (4222 80 368 ) (4414 80 368 ) (4414 80 400 ) 
4 3 4 (4222 80 1296 ) (4222 80 400 ) (4414 80 400 ) (4414 80 1296 ) 
4 3 10 (4222 640 368 ) (4414 640 368 ) (4414 80 368 ) (4222 80 368 ) 
4 3 6 (4222 640 1296 ) (4222 640 368 ) (4222 80 368 ) (4222 80 1296 ) 
4 4 13 (4414 0 1296 ) (4222 0 1296 ) (4222 0 400 ) (4414 0 400 ) 
4 4 6 (4222 0 400 ) (4222 0 1296 ) (4222 80 1296 ) (4222 80 400 ) 
4 4 5 (4222 0 400 ) (4222 80 400 ) (4414 80 400 ) (4414 0 400 ) 
4 5 14 (4222 0 400 ) (4222 0 368 ) (4414 0 368 ) (4414 0 400 ) 
4 5 6 (4222 80 368 ) (4222 0 368 ) (4222 0 400 ) (4222 80 400 ) 
4 5 10 (4414 80 368 ) (4414 0 368 ) (4222 0 368 ) (4222 80 368 ) 
4 6 16 (4222 0 1296 ) (4126 0 1296 ) (4126 0 368 ) (4222 0 368 ) 
4 6 9 (4126 22 368 ) (4126 0 368 ) (4126 0 400 ) (4126 22 400 ) 
4 6 8 (4126 0 400 ) (4126 0 1296 ) (4126 22 1296 ) (4126 22 400 ) 
4 6 7 (4126 640 1296 ) (4126 640 368 ) (4126 22 368 ) (4126 22 1296 ) 
4 6 10 (4126 640 368 ) (4222 640 368 ) (4222 0 368 ) (4126 0 368 ) 
4 7 25 (4096 22 1296 ) (4096 56 1296 ) (4096 56 368 ) (4096 22 368 ) 
4 7 24 (4096 56 1296 ) (4096 640 1296 ) (4096 640 368 ) (4096 56 368 ) 
4 7 9 (4096 22 368 ) (4126 22 368 ) (4126 22 400 ) (4096 22 400 ) 
4 7 8 (4126 22 400 ) (4126 22 1296 ) (4096 22 1296 ) (4096 22 400 ) 
4 7 10 (4096 640 368 ) (4126 640 368 ) (4126 22 368 ) (4096 22 368 ) 
4 8 26 (4096 0 400 ) (4096 0 1296 ) (4096 22 1296 ) (4096 22 400 ) 
4 8 17 (4126 0 1296 ) (4096 0 1296 ) (4096 0 400 ) (4126 0 400 ) 
4 8 9 (4096 0 400 ) (4096 22 400 ) (4126 22 400 ) (4126 0 400 ) 
4 9 27 (4096 0 368 ) (4096 0 400 ) (4096 22 400 ) (4096 22 368 ) 
4 9 18 (4096 0 400 ) (4096 0 368 ) (4126 0 368 ) (4126 0 400 ) 
4 9 10 (4126 22 368 ) (4126 0 368 ) (4096 0 368 ) (4096 22 368 ) 
4 10 87 (4096 0 -672 ) (4096 0 -32 ) (4096 640 -32 ) (4096 640 -672 ) 
4 10 78 (4096 0 -32 ) (4096 0 0 ) (4096 64 0 ) (4096 64 -32 ) 
4 10 76 (4096 64 0 ) (4096 640 0 ) (4096 640 -32 ) (4096 64 -32 ) 
4 10 46 (4096 0 0 ) (4096 0 208 ) (4096 28 208 ) (4096 28 0 ) 
4 10 45 (4096 28 208 ) (4096 56 208 ) (4096 56 0 ) (4096 28 0 ) 
4 10 33 (4096 0 208 ) (4096 0 328 ) (4096 22 328 ) (4096 22 208 ) 
4 10 28 (4096 0 328 ) (4096 0 368 ) (4096 22 368 ) (4096 22 328 ) 
4 10 25 (4096 22 368 ) (4096 56 368 ) (4096 56 208 ) (4096 22 208 ) 
4 10 24 (4096 56 368 ) (4096 640 368 ) (4096 640 0 ) (4096 56 0 ) 
4 10 20 (5054 0 -672 ) (5054 0 368 ) (4096 0 368 ) (4096 0 -672 ) 
4 11 141 (4096 -1024 1296 ) (4096 -1024 1424 ) (4096 -56 1424 ) (4096 -56 1296 ) 
4 11 110 (4096 -56 1424 ) (4096 -22 1424 ) (4096 -22 1296 ) (4096 -56 1296 ) 
4 11 91 (4096 -22 1424 ) (4096 0 1424 ) (4096 0 1296 ) (4096 -22 1296 ) 
4 11 21 (5054 -736 1296 ) (5054 -1024 1296 ) (4096 -1024 1296 ) (4096 -736 1296 ) 
4 11 17 (4096 -22 1296 ) (4096 0 1296 ) (4126 0 1296 ) (4126 -22 1296 ) 
4 11 19 (4126 -640 1296 ) (4096 -640 1296 ) (4096 -22 1296 ) (4126 -22 1296 ) 
4 11 13 (4222 -80 1296 ) (4222 0 1296 ) (4414 0 1296 ) (4414 -80 1296 ) 
4 11 15 (4414 -640 1296 ) (4222 -640 1296 ) (4222 -80 1296 ) (4414 -80 1296 ) 
4 11 12 (5054 0 1296 ) (5054 -640 1296 ) (4414 -640 1296 ) (4414 0 1296 ) 
4 11 16 (4222 -640 1296 ) (4126 -640 1296 ) (4126 0 1296 ) (4222 0 1296 ) 
4 12 14 (4414 0 368 ) (4414 -80 368 ) (4414 -80 400 ) (4414 0 400 ) 
4 12 13 (4414 -80 400 ) (4414 -80 1296 ) (4414 0 1296 ) (4414 0 400 ) 
4 12 15 (4414 -80 368 ) (4414 -640 368 ) (4414 -640 1296 ) (4414 -80 1296 ) 
4 12 20 (5054 -640 368 ) (4414 -640 368 ) (4414 0 368 ) (5054 0 368 ) 
4 13 15 (4222 -80 1296 ) (4222 -80 400 ) (4414 -80 400 ) (4414 -80 1296 ) 
4 13 16 (4222 -80 400 ) (4222 -80 1296 ) (4222 0 1296 ) (4222 0 400 ) 
4 13 14 (4414 -80 400 ) (4222 -80 400 ) (4222 0 400 ) (4414 0 400 ) 
4 14 15 (4222 -80 400 ) (4222 -80 368 ) (4414 -80 368 ) (4414 -80 400 ) 
4 14 16 (4222 0 368 ) (4222 -80 368 ) (4222 -80 400 ) (4222 0 400 ) 
4 14 20 (4222 -80 368 ) (4222 0 368 ) (4414 0 368 ) (4414 -80 368 ) 
4 15 20 (4414 -640 368 ) (4222 -640 368 ) (4222 -80 368 ) (4414 -80 368 ) 
4 15 16 (4222 -80 368 ) (4222 -640 368 ) (4222 -640 1296 ) (4222 -80 1296 ) 
4 16 18 (4126 0 368 ) (4126 -22 368 ) (4126 -22 400 ) (4126 0 400 ) 
4 16 17 (4126 -22 400 ) (4126 -22 1296 ) (4126 0 1296 ) (4126 0 400 ) 
4 16 19 (4126 -22 368 ) (4126 -640 368 ) (4126 -640 1296 ) (4126 -22 1296 ) 
4 16 20 (4222 -640 368 ) (4126 -640 368 ) (4126 0 368 ) (4222 0 368 ) 
4 17 91 (4096 -22 1296 ) (4096 0 1296 ) (4096 0 400 ) (4096 -22 400 ) 
4 17 19 (4126 -22 400 ) (4126 -22 1296 ) (4096 -22 1296 ) (4096 -22 400 ) 
4 17 18 (4126 -22 400 ) (4096 -22 400 ) (4096 0 400 ) (4126 0 400 ) 
4 18 92 (4096 0 400 ) (4096 0 368 ) (4096 -22 368 ) (4096 -22 400 ) 
4 18 19 (4096 -22 368 ) (4126 -22 368 ) (4126 -22 400 ) (4096 -22 400 ) 
4 18 20 (4096 -22 368 ) (4096 0 368 ) (4126 0 368 ) (4126 -22 368 ) 
4 19 142 (4096 -640 1296 ) (4096 -56 1296 ) (4096 -56 368 ) (4096 -640 368 ) 
4 19 110 (4096 -56 1296 ) (4096 -22 1296 ) (4096 -22 368 ) (4096 -56 368 ) 
4 19 20 (4126 -640 368 ) (4096 -640 368 ) (4096 -22 368 ) (4126 -22 368 ) 
4 20 155 (4096 0 -32 ) (4096 0 -672 ) (4096 -640 -672 ) (4096 -640 -32 ) 
4 20 152 (4096 -64 -32 ) (4096 -640 -32 ) (4096 -640 0 ) (4096 -64 0 ) 
4 20 144 (4096 0 0 ) (4096 0 -32 ) (4096 -64 -32 ) (4096 -64 0 ) 
4 20 142 (4096 -56 0 ) (4096 -640 0 ) (4096 -640 368 ) (4096 -56 368 ) 
4 20 111 (4096 0 208 ) (4096 0 0 ) (4096 -28 0 ) (4096 -28 208 ) 
4 20 127 (4096 -28 0 ) (4096 -56 0 ) (4096 -56 208 ) (4096 -28 208 ) 
4 20 110 (4096 -22 208 ) (4096 -56 208 ) (4096 -56 368 ) (4096 -22 368 ) 
4 20 98 (4096 0 328 ) (4096 0 208 ) (4096 -22 208 ) (4096 -22 328 ) 
4 20 93 (4096 0 368 ) (4096 0 328 ) (4096 -22 328 ) (4096 -22 368 ) 
4 21 156 (4096 -1024 -672 ) (4096 -1024 -32 ) (4096 -736 -32 ) (4096 -736 -672 ) 
4 21 154 (4096 -1024 -32 ) (4096 -1024 0 ) (4096 -736 0 ) (4096 -736 -32 ) 
4 21 143 (4096 -1024 0 ) (4096 -1024 1296 ) (4096 -736 1296 ) (4096 -736 0 ) 
4 22 88 (0 1024 1424 ) (0 1024 1296 ) (0 56 1296 ) (0 56 1424 ) 
4 22 25 (0 56 1424 ) (0 56 1296 ) (4096 56 1296 ) (4096 56 1424 ) 
4 22 23 (0 736 1296 ) (0 1024 1296 ) (4096 1024 1296 ) (4096 736 1296 ) 
4 22 24 (4096 56 1296 ) (0 56 1296 ) (0 640 1296 ) (4096 640 1296 ) 
4 23 89 (0 1024 1296 ) (0 1024 0 ) (0 736 0 ) (0 736 1296 ) 
4 23 75 (0 736 0 ) (0 1024 0 ) (4096 1024 0 ) (4096 736 0 ) 
4 24 90 (0 640 0 ) (0 56 0 ) (0 56 1296 ) (0 640 1296 ) 
4 24 84 (416 64 0 ) (528 64 0 ) (528 56 0 ) (416 56 0 ) 
4 24 85 (224 64 0 ) (320 64 0 ) (320 56 0 ) (224 56 0 ) 
4 24 83 (624 64 0 ) (744 64 0 ) (744 56 0 ) (624 56 0 ) 
4 24 81 (1064 64 0 ) (1184 64 0 ) (1184 56 0 ) (1064 56 0 ) 
4 24 82 (840 64 0 ) (968 64 0 ) (968 56 0 ) (840 56 0 ) 
4 24 79 (1184 64 0 ) (1264 64 0 ) (1264 56 0 ) (1184 56 0 ) 
4 24 78 (1264 64 0 ) (4096 64 0 ) (4096 56 0 ) (1264 56 0 ) 
4 24 77 (0 128 0 ) (0 640 0 ) (224 640 0 ) (224 128 0 ) 
4 24 76 (224 640 0 ) (4096 640 0 ) (4096 64 0 ) (224 64 0 ) 
4 24 73 (1264 56 16 ) (1264 56 208 ) (1184 56 208 ) (1184 56 16 ) 
4 24 74 (0 56 208 ) (0 56 0 ) (1184 56 0 ) (1184 56 208 ) 
4 24 71 (1476 56 32 ) (1476 56 208 ) (1396 56 208 ) (1396 56 32 ) 
4 24 70 (1476 56 0 ) (1616 56 0 ) (1616 56 208 ) (1476 56 208 ) 
4 24 72 (1264 56 0 ) (1396 56 0 ) (1396 56 208 ) (1264 56 208 ) 
4 24 68 (1696 56 48 ) (1696 56 208 ) (1616 56 208 ) (1616 56 48 ) 
4 24 69 (1616 56 0 ) (1696 56 0 ) (1696 56 16 ) (1616 56 16 ) 
4 24 67 (1696 56 0 ) (1844 56 0 ) (1844 56 208 ) (1696 56 208 ) 
4 24 65 (1924 56 64 ) (1924 56 208 ) (1844 56 208 ) (1844 56 64 ) 
4 24 66 (1844 56 0 ) (1924 56 0 ) (1924 56 32 ) (1844 56 32 ) 
4 24 62 (2156 56 80 ) (2156 56 208 ) (2076 56 208 ) (2076 56 80 ) 
4 24 63 (2076 56 0 ) (2156 56 0 ) (2156 56 48 ) (2076 56 48 ) 
4 24 64 (1924 56 0 ) (2076 56 0 ) (2076 56 208 ) (1924 56 208 ) 
4 24 45 (2156 56 0 ) (4096 56 0 ) (4096 56 208 ) (2156 56 208 ) 
4 24 25 (0 56 1296 ) (0 56 208 ) (4096 56 208 ) (4096 56 1296 ) 
4 25 90 (0 56 1296 ) (0 56 208 ) (0 22 208 ) (0 22 1296 ) 
4 25 88 (0 56 1424 ) (0 56 1296 ) (0 22 1296 ) (0 22 1424 ) 
4 25 73 (1184 56 208 ) (1264 56 208 ) (1264 22 208 ) (1184 22 208 ) 
4 25 74 (0 22 208 ) (0 56 208 ) (1184 56 208 ) (1184 22 208 ) 
4 25 71 (1396 56 208 ) (1476 56 208 ) (1476 22 208 ) (1396 22 208 ) 
4 25 70 (1476 56 208 ) (1616 56 208 ) (1616 22 208 ) (1476 22 208 ) 
4 25 72 (1264 56 208 ) (1396 56 208 ) (1396 22 208 ) (1264 22 208 ) 
4 25 68 (1616 56 208 ) (1696 56 208 ) (1696 22 208 ) (1616 22 208 ) 
4 25 67 (1696 56 208 ) (1844 56 208 ) (1844 22 208 ) (1696 22 208 ) 
4 25 65 (1844 56 208 ) (1924 56 208 ) (1924 22 208 ) (1844 22 208 ) 
4 25 62 (2076 56 208 ) (2156 56 208 ) (2156 22 208 ) (2076 22 208 ) 
4 25 64 (1924 56 208 ) (2076 56 208 ) (2076 22 208 ) (1924 22 208 ) 
4 25 59 (2352 22 208 ) (2296 22 208 ) (2296 28 208 ) (2352 28 208 ) 
4 25 58 (2500 22 208 ) (2352 22 208 ) (2352 28 208 ) (2500 28 208 ) 
4 25 61 (2296 22 208 ) (2156 22 208 ) (2156 28 208 ) (2296 28 208 ) 
4 25 56 (2556 22 208 ) (2500 22 208 ) (2500 28 208 ) (2556 28 208 ) 
4 25 53 (2768 22 208 ) (2712 22 208 ) (2712 28 208 ) (2768 28 208 ) 
4 25 55 (2712 22 208 ) (2556 22 208 ) (2556 28 208 ) (2712 28 208 ) 
4 25 50 (2984 22 208 ) (2928 22 208 ) (2928 28 208 ) (2984 28 208 ) 
4 25 49 (3148 22 208 ) (2984 22 208 ) (2984 28 208 ) (3148 28 208 ) 
4 25 52 (2928 22 208 ) (2768 22 208 ) (2768 28 208 ) (2928 28 208 ) 
4 25 47 (3204 22 208 ) (3148 22 208 ) (3148 28 208 ) (3204 28 208 ) 
4 25 46 (4096 28 208 ) (4096 22 208 ) (3204 22 208 ) (3204 28 208 ) 
4 25 45 (2156 56 208 ) (4096 56 208 ) (4096 28 208 ) (2156 28 208 ) 
4 25 43 (3332 22 208 ) (3376 22 208 ) (3376 22 240 ) (3332 22 240 ) 
4 25 42 (3376 22 240 ) (3376 22 328 ) (3332 22 328 ) (3332 22 240 ) 
4 25 44 (0 22 328 ) (0 22 208 ) (3332 22 208 ) (3332 22 328 ) 
4 25 39 (3556 22 248 ) (3556 22 280 ) (3512 22 280 ) (3512 22 248 ) 
4 25 38 (3556 22 280 ) (3556 22 328 ) (3512 22 328 ) (3512 22 280 ) 
4 25 40 (3512 22 208 ) (3556 22 208 ) (3556 22 248 ) (3512 22 248 ) 
4 25 37 (3556 22 208 ) (3698 22 208 ) (3698 22 328 ) (3556 22 328 ) 
4 25 41 (3376 22 208 ) (3512 22 208 ) (3512 22 328 ) (3376 22 328 ) 
4 25 35 (3742 22 288 ) (3742 22 320 ) (3698 22 320 ) (3698 22 288 ) 
4 25 34 (3742 22 320 ) (3742 22 328 ) (3698 22 328 ) (3698 22 320 ) 
4 25 36 (3698 22 208 ) (3742 22 208 ) (3742 22 288 ) (3698 22 288 ) 
4 25 33 (3742 22 208 ) (4096 22 208 ) (4096 22 328 ) (3742 22 328 ) 
4 25 31 (3888 22 328 ) (3932 22 328 ) (3932 22 360 ) (3888 22 360 ) 
4 25 30 (3932 22 360 ) (3932 22 1424 ) (3888 22 1424 ) (3888 22 360 ) 
4 25 29 (3932 22 328 ) (4082 22 328 ) (4082 22 1424 ) (3932 22 1424 ) 
4 25 32 (0 22 1424 ) (0 22 328 ) (3888 22 328 ) (3888 22 1424 ) 
4 25 27 (4096 22 368 ) (4096 22 400 ) (4082 22 400 ) (4082 22 368 ) 
4 25 26 (4096 22 400 ) (4096 22 1424 ) (4082 22 1424 ) (4082 22 400 ) 
4 25 28 (4082 22 328 ) (4096 22 328 ) (4096 22 368 ) (4082 22 368 ) 
4 26 91 (4096 0 400 ) (4096 0 1424 ) (4082 0 1424 ) (4082 0 400 ) 
4 26 29 (4082 0 400 ) (4082 0 1424 ) (4082 22 1424 ) (4082 22 400 ) 
4 26 27 (4096 0 400 ) (4082 0 400 ) (4082 22 400 ) (4096 22 400 ) 
4 27 92 (4096 0 368 ) (4096 0 400 ) (4082 0 400 ) (4082 0 368 ) 
4 27 29 (4082 0 368 ) (4082 0 400 ) (4082 22 400 ) (4082 22 368 ) 
4 27 28 (4082 0 368 ) (4082 22 368 ) (4096 22 368 ) (4096 0 368 ) 
4 28 93 (4096 0 328 ) (4096 0 368 ) (4082 0 368 ) (4082 0 328 ) 
4 28 33 (4096 0 328 ) (4082 0 328 ) (4082 22 328 ) (4096 22 328 ) 
4 28 29 (4082 22 328 ) (4082 0 328 ) (4082 0 368 ) (4082 22 368 ) 
4 29 94 (4082 0 1424 ) (3932 0 1424 ) (3932 0 328 ) (4082 0 328 ) 
4 29 33 (4082 0 328 ) (3932 0 328 ) (3932 22 328 ) (4082 22 328 ) 
4 29 31 (3932 22 328 ) (3932 0 328 ) (3932 0 360 ) (3932 22 360 ) 
4 29 30 (3932 0 360 ) (3932 0 1424 ) (3932 22 1424 ) (3932 22 360 ) 
4 30 95 (3932 0 1424 ) (3888 0 1424 ) (3888 0 360 ) (3932 0 360 ) 
4 30 32 (3888 0 360 ) (3888 0 1424 ) (3888 22 1424 ) (3888 22 360 ) 
4 30 31 (3888 0 360 ) (3888 22 360 ) (3932 22 360 ) (3932 0 360 ) 
4 31 96 (3888 0 360 ) (3888 0 328 ) (3932 0 328 ) (3932 0 360 ) 
4 31 33 (3932 0 328 ) (3888 0 328 ) (3888 22 328 ) (3932 22 328 ) 
4 31 32 (3888 22 328 ) (3888 0 328 ) (3888 0 360 ) (3888 22 360 ) 
4 32 97 (3888 0 1424 ) (0 0 1424 ) (0 0 328 ) (3888 0 328 ) 
4 32 90 (0 0 328 ) (0 0 1296 ) (0 22 1296 ) (0 22 328 ) 
4 32 88 (0 0 1296 ) (0 0 1424 ) (0 22 1424 ) (0 22 1296 ) 
4 32 42 (3376 0 328 ) (3332 0 328 ) (3332 22 328 ) (3376 22 328 ) 
4 32 44 (3332 0 328 ) (0 0 328 ) (0 22 328 ) (3332 22 328 ) 
4 32 38 (3556 0 328 ) (3512 0 328 ) (3512 22 328 ) (3556 22 328 ) 
4 32 37 (3698 0 328 ) (3556 0 328 ) (3556 22 328 ) (3698 22 328 ) 
4 32 41 (3512 0 328 ) (3376 0 328 ) (3376 22 328 ) (3512 22 328 ) 
4 32 34 (3742 0 328 ) (3698 0 328 ) (3698 22 328 ) (3742 22 328 ) 
4 32 33 (3888 0 328 ) (3742 0 328 ) (3742 22 328 ) (3888 22 328 ) 
4 33 98 (4096 0 208 ) (4096 0 328 ) (3742 0 328 ) (3742 0 208 ) 
4 33 46 (4096 0 208 ) (3742 0 208 ) (3742 22 208 ) (4096 22 208 ) 
4 33 35 (3742 22 320 ) (3742 22 288 ) (3742 0 288 ) (3742 0 320 ) 
4 33 34 (3742 0 328 ) (3742 22 328 ) (3742 22 320 ) (3742 0 320 ) 
4 33 36 (3742 22 288 ) (3742 22 208 ) (3742 0 208 ) (3742 0 288 ) 
4 34 99 (3742 0 328 ) (3698 0 328 ) (3698 0 320 ) (3742 0 320 ) 
4 34 37 (3698 0 328 ) (3698 22 328 ) (3698 22 320 ) (3698 0 320 ) 
4 34 35 (3698 0 320 ) (3698 22 320 ) (3742 22 320 ) (3742 0 320 ) 
4 35 100 (3698 0 320 ) (3698 0 288 ) (3742 0 288 ) (3742 0 320 ) 
4 35 37 (3698 22 320 ) (3698 22 288 ) (3698 0 288 ) (3698 0 320 ) 
4 35 36 (3698 0 288 ) (3698 22 288 ) (3742 22 288 ) (3742 0 288 ) 
4 36 101 (3698 0 288 ) (3698 0 208 ) (3742 0 208 ) (3742 0 288 ) 
4 36 46 (3742 0 208 ) (3698 0 208 ) (3698 22 208 ) (3742 22 208 ) 
4 36 37 (3698 22 288 ) (3698 22 208 ) (3698 0 208 ) (3698 0 288 ) 
4 37 102 (3698 0 328 ) (3556 0 328 ) (3556 0 208 ) (3698 0 208 ) 
4 37 46 (3698 0 208 ) (3556 0 208 ) (3556 22 208 ) (3698 22 208 ) 
4 37 39 (3556 22 280 ) (3556 22 248 ) (3556 0 248 ) (3556 0 280 ) 
4 37 38 (3556 0 328 ) (3556 22 328 ) (3556 22 280 ) (3556 0 280 ) 
4 37 40 (3556 22 248 ) (3556 22 208 ) (3556 0 208 ) (3556 0 248 ) 
4 38 103 (3556 0 328 ) (3512 0 328 ) (3512 0 280 ) (3556 0 280 ) 
4 38 41 (3512 0 328 ) (3512 22 328 ) (3512 22 280 ) (3512 0 280 ) 
4 38 39 (3512 0 280 ) (3512 22 280 ) (3556 22 280 ) (3556 0 280 ) 
4 39 104 (3512 0 280 ) (3512 0 248 ) (3556 0 248 ) (3556 0 280 ) 
4 39 40 (3512 0 248 ) (3512 22 248 ) (3556 22 248 ) (3556 0 248 ) 
4 39 41 (3512 22 280 ) (3512 22 248 ) (3512 0 248 ) (3512 0 280 ) 
4 40 105 (3512 0 248 ) (3512 0 208 ) (3556 0 208 ) (3556 0 248 ) 
4 40 46 (3556 0 208 ) (3512 0 208 ) (3512 22 208 ) (3556 22 208 ) 
4 40 41 (3512 22 248 ) (3512 22 208 ) (3512 0 208 ) (3512 0 248 ) 
4 41 106 (3512 0 328 ) (3376 0 328 ) (3376 0 208 ) (3512 0 208 ) 
4 41 46 (3512 0 208 ) (3376 0 208 ) (3376 22 208 ) (3512 22 208 ) 
4 41 43 (3376 22 240 ) (3376 22 208 ) (3376 0 208 ) (3376 0 240 ) 
4 41 42 (3376 0 328 ) (3376 22 328 ) (3376 22 240 ) (3376 0 240 ) 
4 42 107 (3376 0 328 ) (3332 0 328 ) (3332 0 240 ) (3376 0 240 ) 
4 42 44 (3332 0 328 ) (3332 22 328 ) (3332 22 240 ) (3332 0 240 ) 
4 42 43 (3332 0 240 ) (3332 22 240 ) (3376 22 240 ) (3376 0 240 ) 
4 43 108 (3332 0 240 ) (3332 0 208 ) (3376 0 208 ) (3376 0 240 ) 
4 43 46 (3376 0 208 ) (3332 0 208 ) (3332 22 208 ) (3376 22 208 ) 
4 43 44 (3332 22 240 ) (3332 22 208 ) (3332 0 208 ) (3332 0 240 ) 
4 44 109 (3332 0 328 ) (0 0 328 ) (0 0 208 ) (3332 0 208 ) 
4 44 90 (0 0 208 ) (0 0 328 ) (0 22 328 ) (0 22 208 ) 
4 44 73 (1264 0 208 ) (1184 0 208 ) (1184 22 208 ) (1264 22 208 ) 
4 44 74 (1184 0 208 ) (0 0 208 ) (0 22 208 ) (1184 22 208 ) 
4 44 71 (1476 0 208 ) (1396 0 208 ) (1396 22 208 ) (1476 22 208 ) 
4 44 70 (1616 0 208 ) (1476 0 208 ) (1476 22 208 ) (1616 22 208 ) 
4 44 72 (1396 0 208 ) (1264 0 208 ) (1264 22 208 ) (1396 22 208 ) 
4 44 68 (1696 0 208 ) (1616 0 208 ) (1616 22 208 ) (1696 22 208 ) 
4 44 67 (1844 0 208 ) (1696 0 208 ) (1696 22 208 ) (1844 22 208 ) 
4 44 65 (1924 0 208 ) (1844 0 208 ) (1844 22 208 ) (1924 22 208 ) 
4 44 62 (2156 0 208 ) (2076 0 208 ) (2076 22 208 ) (2156 22 208 ) 
4 44 64 (2076 0 208 ) (1924 0 208 ) (1924 22 208 ) (2076 22 208 ) 
4 44 59 (2352 0 208 ) (2296 0 208 ) (2296 22 208 ) (2352 22 208 ) 
4 44 58 (2500 0 208 ) (2352 0 208 ) (2352 22 208 ) (2500 22 208 ) 
4 44 61 (2296 0 208 ) (2156 0 208 ) (2156 22 208 ) (2296 22 208 ) 
4 44 56 (2556 0 208 ) (2500 0 208 ) (2500 22 208 ) (2556 22 208 ) 
4 44 53 (2768 0 208 ) (2712 0 208 ) (2712 22 208 ) (2768 22 208 ) 
4 44 55 (2712 0 208 ) (2556 0 208 ) (2556 22 208 ) (2712 22 208 ) 
4 44 50 (2984 0 208 ) (2928 0 208 ) (2928 22 208 ) (2984 22 208 ) 
4 44 49 (3148 0 208 ) (2984 0 208 ) (2984 22 208 ) (3148 22 208 ) 
4 44 52 (2928 0 208 ) (2768 0 208 ) (2768 22 208 ) (2928 22 208 ) 
4 44 47 (3204 0 208 ) (3148 0 208 ) (3148 22 208 ) (3204 22 208 ) 
4 44 46 (3332 0 208 ) (3204 0 208 ) (3204 22 208 ) (3332 22 208 ) 
4 45 78 (2156 28 0 ) (2156 56 0 ) (4096 56 0 ) (4096 28 0 ) 
4 45 62 (2156 28 208 ) (2156 56 208 ) (2156 56 80 ) (2156 28 80 ) 
4 45 63 (2156 56 48 ) (2156 56 0 ) (2156 28 0 ) (2156 28 48 ) 
4 45 59 (2352 28 104 ) (2352 28 208 ) (2296 28 208 ) (2296 28 104 ) 
4 45 60 (2296 28 0 ) (2352 28 0 ) (2352 28 72 ) (2296 28 72 ) 
4 45 58 (2352 28 0 ) (2500 28 0 ) (2500 28 208 ) (2352 28 208 ) 
4 45 61 (2156 28 208 ) (2156 28 0 ) (2296 28 0 ) (2296 28 208 ) 
4 45 56 (2556 28 128 ) (2556 28 208 ) (2500 28 208 ) (2500 28 128 ) 
4 45 57 (2500 28 0 ) (2556 28 0 ) (2556 28 96 ) (2500 28 96 ) 
4 45 53 (2768 28 152 ) (2768 28 208 ) (2712 28 208 ) (2712 28 152 ) 
4 45 54 (2712 28 0 ) (2768 28 0 ) (2768 28 120 ) (2712 28 120 ) 
4 45 55 (2556 28 0 ) (2712 28 0 ) (2712 28 208 ) (2556 28 208 ) 
4 45 50 (2984 28 176 ) (2984 28 208 ) (2928 28 208 ) (2928 28 176 ) 
4 45 51 (2928 28 0 ) (2984 28 0 ) (2984 28 144 ) (2928 28 144 ) 
4 45 49 (2984 28 0 ) (3148 28 0 ) (3148 28 208 ) (2984 28 208 ) 
4 45 52 (2768 28 0 ) (2928 28 0 ) (2928 28 208 ) (2768 28 208 ) 
4 45 47 (3204 28 200 ) (3204 28 208 ) (3148 28 208 ) (3148 28 200 ) 
4 45 48 (3148 28 0 ) (3204 28 0 ) (3204 28 168 ) (3148 28 168 ) 
4 45 46 (3204 28 0 ) (4096 28 0 ) (4096 28 208 ) (3204 28 208 ) 
4 46 111 (4096 0 0 ) (4096 0 208 ) (3204 0 208 ) (3204 0 0 ) 
4 46 78 (4096 0 0 ) (3204 0 0 ) (3204 28 0 ) (4096 28 0 ) 
4 46 47 (3204 28 208 ) (3204 28 200 ) (3204 0 200 ) (3204 0 208 ) 
4 46 48 (3204 28 168 ) (3204 28 0 ) (3204 0 0 ) (3204 0 168 ) 
4 47 112 (3204 0 208 ) (3148 0 208 ) (3148 0 200 ) (3204 0 200 ) 
4 47 49 (3148 28 208 ) (3148 28 200 ) (3148 0 200 ) (3148 0 208 ) 
4 48 113 (3148 0 168 ) (3148 0 0 ) (3204 0 0 ) (3204 0 168 ) 
4 48 78 (3204 0 0 ) (3148 0 0 ) (3148 28 0 ) (3204 28 0 ) 
4 48 49 (3148 28 168 ) (3148 28 0 ) (3148 0 0 ) (3148 0 168 ) 
4 49 114 (3148 0 208 ) (2984 0 208 ) (2984 0 0 ) (3148 0 0 ) 
4 49 78 (3148 0 0 ) (2984 0 0 ) (2984 28 0 ) (3148 28 0 ) 
4 49 50 (2984 28 208 ) (2984 28 176 ) (2984 0 176 ) (2984 0 208 ) 
4 49 51 (2984 28 144 ) (2984 28 0 ) (2984 0 0 ) (2984 0 144 ) 
4 50 115 (2984 0 208 ) (2928 0 208 ) (2928 0 176 ) (2984 0 176 ) 
4 50 52 (2928 28 208 ) (2928 28 176 ) (2928 0 176 ) (2928 0 208 ) 
4 51 116 (2928 0 144 ) (2928 0 0 ) (2984 0 0 ) (2984 0 144 ) 
4 51 78 (2984 0 0 ) (2928 0 0 ) (2928 28 0 ) (2984 28 0 ) 
4 51 52 (2928 28 144 ) (2928 28 0 ) (2928 0 0 ) (2928 0 144 ) 
4 52 117 (2928 0 208 ) (2768 0 208 ) (2768 0 0 ) (2928 0 0 ) 
4 52 78 (2928 0 0 ) (2768 0 0 ) (2768 28 0 ) (2928 28 0 ) 
4 52 53 (2768 28 208 ) (2768 28 152 ) (2768 0 152 ) (2768 0 208 ) 
4 52 54 (2768 28 120 ) (2768 28 0 ) (2768 0 0 ) (2768 0 120 ) 
4 53 118 (2768 0 208 ) (2712 0 208 ) (2712 0 152 ) (2768 0 152 ) 
4 53 55 (2712 28 208 ) (2712 28 152 ) (2712 0 152 ) (2712 0 208 ) 
4 54 119 (2712 0 120 ) (2712 0 0 ) (2768 0 0 ) (2768 0 120 ) 
4 54 78 (2768 0 0 ) (2712 0 0 ) (2712 28 0 ) (2768 28 0 ) 
4 54 55 (2712 28 120 ) (2712 28 0 ) (2712 0 0 ) (2712 0 120 ) 
4 55 120 (2712 0 208 ) (2556 0 208 ) (2556 0 0 ) (2712 0 0 ) 
4 55 78 (2712 0 0 ) (2556 0 0 ) (2556 28 0 ) (2712 28 0 ) 
4 55 56 (2556 28 208 ) (2556 28 128 ) (2556 0 128 ) (2556 0 208 ) 
4 55 57 (2556 28 96 ) (2556 28 0 ) (2556 0 0 ) (2556 0 96 ) 
4 56 121 (2556 0 208 ) (2500 0 208 ) (2500 0 128 ) (2556 0 128 ) 
4 56 58 (2500 28 208 ) (2500 28 128 ) (2500 0 128 ) (2500 0 208 ) 
4 57 122 (2500 0 96 ) (2500 0 0 ) (2556 0 0 ) (2556 0 96 ) 
4 57 78 (2556 0 0 ) (2500 0 0 ) (2500 28 0 ) (2556 28 0 ) 
4 57 58 (2500 28 96 ) (2500 28 0 ) (2500 0 0 ) (2500 0 96 ) 
4 58 123 (2500 0 208 ) (2352 0 208 ) (2352 0 0 ) (2500 0 0 ) 
4 58 78 (2500 0 0 ) (2352 0 0 ) (2352 28 0 ) (2500 28 0 ) 
4 58 59 (2352 28 208 ) (2352 28 104 ) (2352 0 104 ) (2352 0 208 ) 
4 58 60 (2352 28 72 ) (2352 28 0 ) (2352 0 0 ) (2352 0 72 ) 
4 59 124 (2352 0 208 ) (2296 0 208 ) (2296 0 104 ) (2352 0 104 ) 
4 59 61 (2296 28 208 ) (2296 28 104 ) (2296 0 104 ) (2296 0 208 ) 
4 60 125 (2296 0 72 ) (2296 0 0 ) (2352 0 0 ) (2352 0 72 ) 
4 60 78 (2352 0 0 ) (2296 0 0 ) (2296 28 0 ) (2352 28 0 ) 
4 60 61 (2296 28 72 ) (2296 28 0 ) (2296 0 0 ) (2296 0 72 ) 
4 61 126 (2296 0 208 ) (2156 0 208 ) (2156 0 0 ) (2296 0 0 ) 
4 61 78 (2296 0 0 ) (2156 0 0 ) (2156 28 0 ) (2296 28 0 ) 
4 61 62 (2156 0 208 ) (2156 28 208 ) (2156 28 80 ) (2156 0 80 ) 
4 61 63 (2156 28 48 ) (2156 28 0 ) (2156 0 0 ) (2156 0 48 ) 
4 62 128 (2156 0 208 ) (2076 0 208 ) (2076 0 80 ) (2156 0 80 ) 
4 62 64 (2076 0 208 ) (2076 56 208 ) (2076 56 80 ) (2076 0 80 ) 
4 63 129 (2076 0 48 ) (2076 0 0 ) (2156 0 0 ) (2156 0 48 ) 
4 63 78 (2156 0 0 ) (2076 0 0 ) (2076 56 0 ) (2156 56 0 ) 
4 63 64 (2076 56 48 ) (2076 56 0 ) (2076 0 0 ) (2076 0 48 ) 
4 64 130 (2076 0 208 ) (1924 0 208 ) (1924 0 0 ) (2076 0 0 ) 
4 64 78 (2076 0 0 ) (1924 0 0 ) (1924 56 0 ) (2076 56 0 ) 
4 64 65 (1924 0 208 ) (1924 56 208 ) (1924 56 64 ) (1924 0 64 ) 
4 64 66 (1924 56 32 ) (1924 56 0 ) (1924 0 0 ) (1924 0 32 ) 
4 65 131 (1924 0 208 ) (1844 0 208 ) (1844 0 64 ) (1924 0 64 ) 
4 65 67 (1844 0 208 ) (1844 56 208 ) (1844 56 64 ) (1844 0 64 ) 
4 66 132 (1844 0 32 ) (1844 0 0 ) (1924 0 0 ) (1924 0 32 ) 
4 66 78 (1924 0 0 ) (1844 0 0 ) (1844 56 0 ) (1924 56 0 ) 
4 66 67 (1844 56 32 ) (1844 56 0 ) (1844 0 0 ) (1844 0 32 ) 
4 67 133 (1844 0 208 ) (1696 0 208 ) (1696 0 0 ) (1844 0 0 ) 
4 67 78 (1844 0 0 ) (1696 0 0 ) (1696 56 0 ) (1844 56 0 ) 
4 67 68 (1696 0 208 ) (1696 56 208 ) (1696 56 48 ) (1696 0 48 ) 
4 67 69 (1696 56 16 ) (1696 56 0 ) (1696 0 0 ) (1696 0 16 ) 
4 68 134 (1696 0 208 ) (1616 0 208 ) (1616 0 48 ) (1696 0 48 ) 
4 68 70 (1616 0 208 ) (1616 56 208 ) (1616 56 48 ) (1616 0 48 ) 
4 69 135 (1616 0 16 ) (1616 0 0 ) (1696 0 0 ) (1696 0 16 ) 
4 69 78 (1696 0 0 ) (1616 0 0 ) (1616 56 0 ) (1696 56 0 ) 
4 69 70 (1616 56 16 ) (1616 56 0 ) (1616 0 0 ) (1616 0 16 ) 
4 70 136 (1616 0 208 ) (1476 0 208 ) (1476 0 0 ) (1616 0 0 ) 
4 70 78 (1616 0 0 ) (1476 0 0 ) (1476 56 0 ) (1616 56 0 ) 
4 70 71 (1476 0 208 ) (1476 56 208 ) (1476 56 32 ) (1476 0 32 ) 
4 71 137 (1476 0 208 ) (1396 0 208 ) (1396 0 32 ) (1476 0 32 ) 
4 71 72 (1396 0 208 ) (1396 56 208 ) (1396 56 32 ) (1396 0 32 ) 
4 72 138 (1396 0 208 ) (1264 0 208 ) (1264 0 0 ) (1396 0 0 ) 
4 72 78 (1396 0 0 ) (1264 0 0 ) (1264 56 0 ) (1396 56 0 ) 
4 72 73 (1264 0 208 ) (1264 56 208 ) (1264 56 16 ) (1264 0 16 ) 
4 73 139 (1264 0 208 ) (1184 0 208 ) (1184 0 16 ) (1264 0 16 ) 
4 73 74 (1184 0 208 ) (1184 56 208 ) (1184 56 16 ) (1184 0 16 ) 
4 74 140 (1184 0 208 ) (0 0 208 ) (0 0 0 ) (1184 0 0 ) 
4 74 90 (0 0 0 ) (0 0 208 ) (0 56 208 ) (0 56 0 ) 
4 74 84 (528 0 0 ) (416 0 0 ) (416 56 0 ) (528 56 0 ) 
4 74 85 (320 0 0 ) (224 0 0 ) (224 56 0 ) (320 56 0 ) 
4 74 83 (744 0 0 ) (624 0 0 ) (624 56 0 ) (744 56 0 ) 
4 74 81 (1184 0 0 ) (1064 0 0 ) (1064 56 0 ) (1184 56 0 ) 
4 74 82 (968 0 0 ) (840 0 0 ) (840 56 0 ) (968 56 0 ) 
4 75 89 (0 736 0 ) (0 1024 0 ) (0 1024 -32 ) (0 736 -32 ) 
4 75 86 (0 736 -32 ) (0 1024 -32 ) (4096 1024 -32 ) (4096 736 -32 ) 
4 76 87 (224 640 -32 ) (4096 640 -32 ) (4096 64 -32 ) (224 64 -32 ) 
4 76 84 (416 64 -32 ) (528 64 -32 ) (528 64 0 ) (416 64 0 ) 
4 76 85 (224 64 -32 ) (320 64 -32 ) (320 64 0 ) (224 64 0 ) 
4 76 83 (624 64 -32 ) (744 64 -32 ) (744 64 0 ) (624 64 0 ) 
4 76 81 (1064 64 -32 ) (1184 64 -32 ) (1184 64 0 ) (1064 64 0 ) 
4 76 82 (840 64 -32 ) (968 64 -32 ) (968 64 0 ) (840 64 0 ) 
4 76 79 (1184 64 -32 ) (1264 64 -32 ) (1264 64 0 ) (1184 64 0 ) 
4 76 78 (1264 64 -32 ) (4096 64 -32 ) (4096 64 0 ) (1264 64 0 ) 
4 76 77 (224 640 0 ) (224 640 -32 ) (224 128 -32 ) (224 128 0 ) 
4 77 90 (0 128 0 ) (0 640 0 ) (0 640 -32 ) (0 128 -32 ) 
4 77 87 (0 128 -32 ) (0 640 -32 ) (224 640 -32 ) (224 128 -32 ) 
4 78 144 (4096 0 -32 ) (4096 0 0 ) (1264 0 0 ) (1264 0 -32 ) 
4 78 87 (1264 64 -32 ) (4096 64 -32 ) (4096 0 -32 ) (1264 0 -32 ) 
4 78 80 (1264 56 -32 ) (1264 0 -32 ) (1264 0 -16 ) (1264 56 -16 ) 
4 78 79 (1264 64 0 ) (1264 64 -32 ) (1264 56 -32 ) (1264 56 0 ) 
4 79 87 (1184 64 -32 ) (1264 64 -32 ) (1264 56 -32 ) (1184 56 -32 ) 
4 79 81 (1184 64 0 ) (1184 64 -32 ) (1184 56 -32 ) (1184 56 0 ) 
4 79 80 (1184 56 -16 ) (1184 56 -32 ) (1264 56 -32 ) (1264 56 -16 ) 
4 80 145 (1184 0 -16 ) (1184 0 -32 ) (1264 0 -32 ) (1264 0 -16 ) 
4 80 87 (1264 56 -32 ) (1264 0 -32 ) (1184 0 -32 ) (1184 56 -32 ) 
4 80 81 (1184 56 -32 ) (1184 0 -32 ) (1184 0 -16 ) (1184 56 -16 ) 
4 81 147 (1184 0 0 ) (1064 0 0 ) (1064 0 -32 ) (1184 0 -32 ) 
4 81 87 (1064 64 -32 ) (1184 64 -32 ) (1184 0 -32 ) (1064 0 -32 ) 
4 82 148 (968 0 0 ) (840 0 0 ) (840 0 -32 ) (968 0 -32 ) 
4 82 87 (840 64 -32 ) (968 64 -32 ) (968 0 -32 ) (840 0 -32 ) 
4 83 149 (744 0 0 ) (624 0 0 ) (624 0 -32 ) (744 0 -32 ) 
4 83 87 (624 64 -32 ) (744 64 -32 ) (744 0 -32 ) (624 0 -32 ) 
4 84 150 (528 0 0 ) (416 0 0 ) (416 0 -32 ) (528 0 -32 ) 
4 84 87 (416 64 -32 ) (528 64 -32 ) (528 0 -32 ) (416 0 -32 ) 
4 85 151 (320 0 0 ) (224 0 0 ) (224 0 -32 ) (320 0 -32 ) 
4 85 87 (224 64 -32 ) (320 64 -32 ) (320 0 -32 ) (224 0 -32 ) 
4 86 89 (0 736 -32 ) (0 1024 -32 ) (0 1024 -672 ) (0 736 -672 ) 
4 87 155 (4096 0 -672 ) (4096 0 -32 ) (0 0 -32 ) (0 0 -672 ) 
4 87 90 (0 0 -672 ) (0 0 -32 ) (0 640 -32 ) (0 640 -672 ) 
4 88 157 (0 0 1296 ) (0 0 1424 ) (-640 0 1424 ) (-640 0 1296 ) 
4 88 89 (-640 736 1296 ) (-640 1024 1296 ) (0 1024 1296 ) (0 736 1296 ) 
4 88 90 (0 0 1296 ) (-640 0 1296 ) (-640 640 1296 ) (0 640 1296 ) 
4 90 158 (0 0 -672 ) (0 0 1296 ) (-640 0 1296 ) (-640 0 -672 ) 
4 91 110 (4096 -22 400 ) (4096 -22 1424 ) (4082 -22 1424 ) (4082 -22 400 ) 
4 91 94 (4082 -22 400 ) (4082 -22 1424 ) (4082 0 1424 ) (4082 0 400 ) 
4 91 92 (4096 -22 400 ) (4082 -22 400 ) (4082 0 400 ) (4096 0 400 ) 
4 92 110 (4096 -22 368 ) (4096 -22 400 ) (4082 -22 400 ) (4082 -22 368 ) 
4 92 94 (4082 -22 368 ) (4082 -22 400 ) (4082 0 400 ) (4082 0 368 ) 
4 92 93 (4096 -22 368 ) (4082 -22 368 ) (4082 0 368 ) (4096 0 368 ) 
4 93 110 (4082 -22 328 ) (4096 -22 328 ) (4096 -22 368 ) (4082 -22 368 ) 
4 93 98 (4096 -22 328 ) (4082 -22 328 ) (4082 0 328 ) (4096 0 328 ) 
4 93 94 (4082 0 328 ) (4082 -22 328 ) (4082 -22 368 ) (4082 0 368 ) 
4 94 110 (3932 -22 328 ) (4082 -22 328 ) (4082 -22 1424 ) (3932 -22 1424 ) 
4 94 98 (4082 -22 328 ) (3932 -22 328 ) (3932 0 328 ) (4082 0 328 ) 
4 94 96 (3932 0 328 ) (3932 -22 328 ) (3932 -22 360 ) (3932 0 360 ) 
4 94 95 (3932 -22 360 ) (3932 -22 1424 ) (3932 0 1424 ) (3932 0 360 ) 
4 95 110 (3932 -22 360 ) (3932 -22 1424 ) (3888 -22 1424 ) (3888 -22 360 ) 
4 95 97 (3888 -22 360 ) (3888 -22 1424 ) (3888 0 1424 ) (3888 0 360 ) 
4 95 96 (3888 -22 360 ) (3888 0 360 ) (3932 0 360 ) (3932 -22 360 ) 
4 96 110 (3888 -22 328 ) (3932 -22 328 ) (3932 -22 360 ) (3888 -22 360 ) 
4 96 98 (3932 -22 328 ) (3888 -22 328 ) (3888 0 328 ) (3932 0 328 ) 
4 96 97 (3888 0 328 ) (3888 -22 328 ) (3888 -22 360 ) (3888 0 360 ) 
4 97 158 (0 0 1296 ) (0 0 328 ) (0 -22 328 ) (0 -22 1296 ) 
4 97 157 (0 0 1424 ) (0 0 1296 ) (0 -22 1296 ) (0 -22 1424 ) 
4 97 110 (0 -22 1424 ) (0 -22 328 ) (3888 -22 328 ) (3888 -22 1424 ) 
4 97 107 (3376 -22 328 ) (3332 -22 328 ) (3332 0 328 ) (3376 0 328 ) 
4 97 109 (3332 -22 328 ) (0 -22 328 ) (0 0 328 ) (3332 0 328 ) 
4 97 103 (3556 -22 328 ) (3512 -22 328 ) (3512 0 328 ) (3556 0 328 ) 
4 97 102 (3698 -22 328 ) (3556 -22 328 ) (3556 0 328 ) (3698 0 328 ) 
4 97 106 (3512 -22 328 ) (3376 -22 328 ) (3376 0 328 ) (3512 0 328 ) 
4 97 99 (3742 -22 328 ) (3698 -22 328 ) (3698 0 328 ) (3742 0 328 ) 
4 97 98 (3888 -22 328 ) (3742 -22 328 ) (3742 0 328 ) (3888 0 328 ) 
4 98 111 (3742 0 208 ) (4096 0 208 ) (4096 -22 208 ) (3742 -22 208 ) 
4 98 110 (3742 -22 208 ) (4096 -22 208 ) (4096 -22 328 ) (3742 -22 328 ) 
4 98 100 (3742 -22 288 ) (3742 -22 320 ) (3742 0 320 ) (3742 0 288 ) 
4 98 99 (3742 -22 320 ) (3742 -22 328 ) (3742 0 328 ) (3742 0 320 ) 
4 98 101 (3742 0 208 ) (3742 -22 208 ) (3742 -22 288 ) (3742 0 288 ) 
4 99 110 (3742 -22 320 ) (3742 -22 328 ) (3698 -22 328 ) (3698 -22 320 ) 
4 99 102 (3698 -22 320 ) (3698 -22 328 ) (3698 0 328 ) (3698 0 320 ) 
4 99 100 (3698 -22 320 ) (3698 0 320 ) (3742 0 320 ) (3742 -22 320 ) 
4 100 110 (3742 -22 288 ) (3742 -22 320 ) (3698 -22 320 ) (3698 -22 288 ) 
4 100 102 (3698 -22 288 ) (3698 -22 320 ) (3698 0 320 ) (3698 0 288 ) 
4 100 101 (3698 -22 288 ) (3698 0 288 ) (3742 0 288 ) (3742 -22 288 ) 
4 101 111 (3698 0 208 ) (3742 0 208 ) (3742 -22 208 ) (3698 -22 208 ) 
4 101 110 (3698 -22 208 ) (3742 -22 208 ) (3742 -22 288 ) (3698 -22 288 ) 
4 101 102 (3698 0 208 ) (3698 -22 208 ) (3698 -22 288 ) (3698 0 288 ) 
4 102 111 (3556 0 208 ) (3698 0 208 ) (3698 -22 208 ) (3556 -22 208 ) 
4 102 110 (3556 -22 208 ) (3698 -22 208 ) (3698 -22 328 ) (3556 -22 328 ) 
4 102 104 (3556 -22 248 ) (3556 -22 280 ) (3556 0 280 ) (3556 0 248 ) 
4 102 103 (3556 -22 280 ) (3556 -22 328 ) (3556 0 328 ) (3556 0 280 ) 
4 102 105 (3556 0 208 ) (3556 -22 208 ) (3556 -22 248 ) (3556 0 248 ) 
4 103 110 (3556 -22 280 ) (3556 -22 328 ) (3512 -22 328 ) (3512 -22 280 ) 
4 103 106 (3512 -22 280 ) (3512 -22 328 ) (3512 0 328 ) (3512 0 280 ) 
4 103 104 (3512 -22 280 ) (3512 0 280 ) (3556 0 280 ) (3556 -22 280 ) 
4 104 110 (3556 -22 248 ) (3556 -22 280 ) (3512 -22 280 ) (3512 -22 248 ) 
4 104 105 (3512 -22 248 ) (3512 0 248 ) (3556 0 248 ) (3556 -22 248 ) 
4 104 106 (3512 -22 248 ) (3512 -22 280 ) (3512 0 280 ) (3512 0 248 ) 
4 105 111 (3512 0 208 ) (3556 0 208 ) (3556 -22 208 ) (3512 -22 208 ) 
4 105 110 (3512 -22 208 ) (3556 -22 208 ) (3556 -22 248 ) (3512 -22 248 ) 
4 105 106 (3512 0 208 ) (3512 -22 208 ) (3512 -22 248 ) (3512 0 248 ) 
4 106 111 (3376 0 208 ) (3512 0 208 ) (3512 -22 208 ) (3376 -22 208 ) 
4 106 110 (3376 -22 208 ) (3512 -22 208 ) (3512 -22 328 ) (3376 -22 328 ) 
4 106 108 (3376 0 208 ) (3376 -22 208 ) (3376 -22 240 ) (3376 0 240 ) 
4 106 107 (3376 -22 240 ) (3376 -22 328 ) (3376 0 328 ) (3376 0 240 ) 
4 107 110 (3376 -22 240 ) (3376 -22 328 ) (3332 -22 328 ) (3332 -22 240 ) 
4 107 109 (3332 -22 240 ) (3332 -22 328 ) (3332 0 328 ) (3332 0 240 ) 
4 107 108 (3332 -22 240 ) (3332 0 240 ) (3376 0 240 ) (3376 -22 240 ) 
4 108 111 (3332 0 208 ) (3376 0 208 ) (3376 -22 208 ) (3332 -22 208 ) 
4 108 110 (3332 -22 208 ) (3376 -22 208 ) (3376 -22 240 ) (3332 -22 240 ) 
4 108 109 (3332 0 208 ) (3332 -22 208 ) (3332 -22 240 ) (3332 0 240 ) 
4 109 158 (0 0 328 ) (0 0 208 ) (0 -22 208 ) (0 -22 328 ) 
4 109 139 (1184 0 208 ) (1264 0 208 ) (1264 -22 208 ) (1184 -22 208 ) 
4 109 140 (0 -22 208 ) (0 0 208 ) (1184 0 208 ) (1184 -22 208 ) 
4 109 137 (1396 0 208 ) (1476 0 208 ) (1476 -22 208 ) (1396 -22 208 ) 
4 109 136 (1476 0 208 ) (1616 0 208 ) (1616 -22 208 ) (1476 -22 208 ) 
4 109 138 (1264 0 208 ) (1396 0 208 ) (1396 -22 208 ) (1264 -22 208 ) 
4 109 134 (1616 0 208 ) (1696 0 208 ) (1696 -22 208 ) (1616 -22 208 ) 
4 109 133 (1696 0 208 ) (1844 0 208 ) (1844 -22 208 ) (1696 -22 208 ) 
4 109 131 (1844 0 208 ) (1924 0 208 ) (1924 -22 208 ) (1844 -22 208 ) 
4 109 128 (2076 0 208 ) (2156 0 208 ) (2156 -22 208 ) (2076 -22 208 ) 
4 109 130 (1924 0 208 ) (2076 0 208 ) (2076 -22 208 ) (1924 -22 208 ) 
4 109 124 (2296 0 208 ) (2352 0 208 ) (2352 -22 208 ) (2296 -22 208 ) 
4 109 123 (2352 0 208 ) (2500 0 208 ) (2500 -22 208 ) (2352 -22 208 ) 
4 109 126 (2156 0 208 ) (2296 0 208 ) (2296 -22 208 ) (2156 -22 208 ) 
4 109 121 (2500 0 208 ) (2556 0 208 ) (2556 -22 208 ) (2500 -22 208 ) 
4 109 118 (2712 0 208 ) (2768 0 208 ) (2768 -22 208 ) (2712 -22 208 ) 
4 109 120 (2556 0 208 ) (2712 0 208 ) (2712 -22 208 ) (2556 -22 208 ) 
4 109 115 (2928 0 208 ) (2984 0 208 ) (2984 -22 208 ) (2928 -22 208 ) 
4 109 114 (2984 0 208 ) (3148 0 208 ) (3148 -22 208 ) (2984 -22 208 ) 
4 109 117 (2768 0 208 ) (2928 0 208 ) (2928 -22 208 ) (2768 -22 208 ) 
4 109 112 (3148 0 208 ) (3204 0 208 ) (3204 -22 208 ) (3148 -22 208 ) 
4 109 111 (3204 0 208 ) (3332 0 208 ) (3332 -22 208 ) (3204 -22 208 ) 
4 109 110 (0 -22 328 ) (0 -22 208 ) (3332 -22 208 ) (3332 -22 328 ) 
4 110 158 (0 -22 208 ) (0 -56 208 ) (0 -56 1296 ) (0 -22 1296 ) 
4 110 157 (0 -56 1296 ) (0 -56 1424 ) (0 -22 1424 ) (0 -22 1296 ) 
4 110 142 (0 -56 1296 ) (0 -56 208 ) (4096 -56 208 ) (4096 -56 1296 ) 
4 110 141 (0 -56 1424 ) (0 -56 1296 ) (4096 -56 1296 ) (4096 -56 1424 ) 
4 110 139 (1264 -56 208 ) (1184 -56 208 ) (1184 -22 208 ) (1264 -22 208 ) 
4 110 140 (1184 -56 208 ) (0 -56 208 ) (0 -22 208 ) (1184 -22 208 ) 
4 110 137 (1476 -56 208 ) (1396 -56 208 ) (1396 -22 208 ) (1476 -22 208 ) 
4 110 136 (1616 -56 208 ) (1476 -56 208 ) (1476 -22 208 ) (1616 -22 208 ) 
4 110 138 (1396 -56 208 ) (1264 -56 208 ) (1264 -22 208 ) (1396 -22 208 ) 
4 110 134 (1696 -56 208 ) (1616 -56 208 ) (1616 -22 208 ) (1696 -22 208 ) 
4 110 133 (1844 -56 208 ) (1696 -56 208 ) (1696 -22 208 ) (1844 -22 208 ) 
4 110 131 (1924 -56 208 ) (1844 -56 208 ) (1844 -22 208 ) (1924 -22 208 ) 
4 110 128 (2156 -56 208 ) (2076 -56 208 ) (2076 -22 208 ) (2156 -22 208 ) 
4 110 130 (2076 -56 208 ) (1924 -56 208 ) (1924 -22 208 ) (2076 -22 208 ) 
4 110 124 (2296 -22 208 ) (2352 -22 208 ) (2352 -28 208 ) (2296 -28 208 ) 
4 110 123 (2352 -22 208 ) (2500 -22 208 ) (2500 -28 208 ) (2352 -28 208 ) 
4 110 126 (2156 -28 208 ) (2156 -22 208 ) (2296 -22 208 ) (2296 -28 208 ) 
4 110 121 (2500 -22 208 ) (2556 -22 208 ) (2556 -28 208 ) (2500 -28 208 ) 
4 110 118 (2712 -22 208 ) (2768 -22 208 ) (2768 -28 208 ) (2712 -28 208 ) 
4 110 120 (2556 -22 208 ) (2712 -22 208 ) (2712 -28 208 ) (2556 -28 208 ) 
4 110 115 (2928 -22 208 ) (2984 -22 208 ) (2984 -28 208 ) (2928 -28 208 ) 
4 110 114 (2984 -22 208 ) (3148 -22 208 ) (3148 -28 208 ) (2984 -28 208 ) 
4 110 117 (2768 -22 208 ) (2928 -22 208 ) (2928 -28 208 ) (2768 -28 208 ) 
4 110 112 (3148 -22 208 ) (3204 -22 208 ) (3204 -28 208 ) (3148 -28 208 ) 
4 110 111 (3204 -22 208 ) (4096 -22 208 ) (4096 -28 208 ) (3204 -28 208 ) 
4 110 127 (4096 -56 208 ) (2156 -56 208 ) (2156 -28 208 ) (4096 -28 208 ) 
4 111 144 (3204 0 0 ) (4096 0 0 ) (4096 -28 0 ) (3204 -28 0 ) 
4 111 112 (3204 -28 200 ) (3204 -28 208 ) (3204 0 208 ) (3204 0 200 ) 
4 111 113 (3204 0 0 ) (3204 -28 0 ) (3204 -28 168 ) (3204 0 168 ) 
4 111 127 (3204 -28 0 ) (4096 -28 0 ) (4096 -28 208 ) (3204 -28 208 ) 
4 112 114 (3148 -28 200 ) (3148 -28 208 ) (3148 0 208 ) (3148 0 200 ) 
4 112 127 (3204 -28 200 ) (3204 -28 208 ) (3148 -28 208 ) (3148 -28 200 ) 
4 113 144 (3148 0 0 ) (3204 0 0 ) (3204 -28 0 ) (3148 -28 0 ) 
4 113 114 (3148 0 0 ) (3148 -28 0 ) (3148 -28 168 ) (3148 0 168 ) 
4 113 127 (3148 -28 0 ) (3204 -28 0 ) (3204 -28 168 ) (3148 -28 168 ) 
4 114 144 (2984 0 0 ) (3148 0 0 ) (3148 -28 0 ) (2984 -28 0 ) 
4 114 115 (2984 -28 176 ) (2984 -28 208 ) (2984 0 208 ) (2984 0 176 ) 
4 114 116 (2984 0 0 ) (2984 -28 0 ) (2984 -28 144 ) (2984 0 144 ) 
4 114 127 (2984 -28 0 ) (3148 -28 0 ) (3148 -28 208 ) (2984 -28 208 ) 
4 115 117 (2928 -28 176 ) (2928 -28 208 ) (2928 0 208 ) (2928 0 176 ) 
4 115 127 (2984 -28 176 ) (2984 -28 208 ) (2928 -28 208 ) (2928 -28 176 ) 
4 116 144 (2928 0 0 ) (2984 0 0 ) (2984 -28 0 ) (2928 -28 0 ) 
4 116 127 (2928 -28 0 ) (2984 -28 0 ) (2984 -28 144 ) (2928 -28 144 ) 
4 116 117 (2928 0 0 ) (2928 -28 0 ) (2928 -28 144 ) (2928 0 144 ) 
4 117 144 (2768 0 0 ) (2928 0 0 ) (2928 -28 0 ) (2768 -28 0 ) 
4 117 118 (2768 -28 152 ) (2768 -28 208 ) (2768 0 208 ) (2768 0 152 ) 
4 117 119 (2768 0 0 ) (2768 -28 0 ) (2768 -28 120 ) (2768 0 120 ) 
4 117 127 (2768 -28 0 ) (2928 -28 0 ) (2928 -28 208 ) (2768 -28 208 ) 
4 118 127 (2768 -28 152 ) (2768 -28 208 ) (2712 -28 208 ) (2712 -28 152 ) 
4 118 120 (2712 -28 152 ) (2712 -28 208 ) (2712 0 208 ) (2712 0 152 ) 
4 119 144 (2712 0 0 ) (2768 0 0 ) (2768 -28 0 ) (2712 -28 0 ) 
4 119 120 (2712 0 0 ) (2712 -28 0 ) (2712 -28 120 ) (2712 0 120 ) 
4 119 127 (2712 -28 0 ) (2768 -28 0 ) (2768 -28 120 ) (2712 -28 120 ) 
4 120 144 (2556 0 0 ) (2712 0 0 ) (2712 -28 0 ) (2556 -28 0 ) 
4 120 121 (2556 -28 128 ) (2556 -28 208 ) (2556 0 208 ) (2556 0 128 ) 
4 120 122 (2556 0 0 ) (2556 -28 0 ) (2556 -28 96 ) (2556 0 96 ) 
4 120 127 (2556 -28 0 ) (2712 -28 0 ) (2712 -28 208 ) (2556 -28 208 ) 
4 121 123 (2500 -28 128 ) (2500 -28 208 ) (2500 0 208 ) (2500 0 128 ) 
4 121 127 (2556 -28 128 ) (2556 -28 208 ) (2500 -28 208 ) (2500 -28 128 ) 
4 122 144 (2500 0 0 ) (2556 0 0 ) (2556 -28 0 ) (2500 -28 0 ) 
4 122 123 (2500 0 0 ) (2500 -28 0 ) (2500 -28 96 ) (2500 0 96 ) 
4 122 127 (2500 -28 0 ) (2556 -28 0 ) (2556 -28 96 ) (2500 -28 96 ) 
4 123 144 (2352 0 0 ) (2500 0 0 ) (2500 -28 0 ) (2352 -28 0 ) 
4 123 124 (2352 -28 104 ) (2352 -28 208 ) (2352 0 208 ) (2352 0 104 ) 
4 123 125 (2352 0 0 ) (2352 -28 0 ) (2352 -28 72 ) (2352 0 72 ) 
4 123 127 (2352 -28 0 ) (2500 -28 0 ) (2500 -28 208 ) (2352 -28 208 ) 
4 124 126 (2296 -28 104 ) (2296 -28 208 ) (2296 0 208 ) (2296 0 104 ) 
4 124 127 (2352 -28 104 ) (2352 -28 208 ) (2296 -28 208 ) (2296 -28 104 ) 
4 125 144 (2296 0 0 ) (2352 0 0 ) (2352 -28 0 ) (2296 -28 0 ) 
4 125 127 (2296 -28 0 ) (2352 -28 0 ) (2352 -28 72 ) (2296 -28 72 ) 
4 125 126 (2296 0 0 ) (2296 -28 0 ) (2296 -28 72 ) (2296 0 72 ) 
4 126 144 (2156 0 0 ) (2296 0 0 ) (2296 -28 0 ) (2156 -28 0 ) 
4 126 128 (2156 -28 80 ) (2156 -28 208 ) (2156 0 208 ) (2156 0 80 ) 
4 126 129 (2156 0 0 ) (2156 -28 0 ) (2156 -28 48 ) (2156 0 48 ) 
4 126 127 (2156 -28 208 ) (2156 -28 0 ) (2296 -28 0 ) (2296 -28 208 ) 
4 127 144 (4096 -28 0 ) (4096 -56 0 ) (2156 -56 0 ) (2156 -28 0 ) 
4 127 142 (2156 -56 0 ) (4096 -56 0 ) (4096 -56 208 ) (2156 -56 208 ) 
4 127 128 (2156 -56 80 ) (2156 -56 208 ) (2156 -28 208 ) (2156 -28 80 ) 
4 127 129 (2156 -28 0 ) (2156 -56 0 ) (2156 -56 48 ) (2156 -28 48 ) 
4 128 142 (2156 -56 80 ) (2156 -56 208 ) (2076 -56 208 ) (2076 -56 80 ) 
4 128 130 (2076 -56 80 ) (2076 -56 208 ) (2076 0 208 ) (2076 0 80 ) 
4 129 144 (2076 0 0 ) (2156 0 0 ) (2156 -56 0 ) (2076 -56 0 ) 
4 129 142 (2076 -56 0 ) (2156 -56 0 ) (2156 -56 48 ) (2076 -56 48 ) 
4 129 130 (2076 0 0 ) (2076 -56 0 ) (2076 -56 48 ) (2076 0 48 ) 
4 130 144 (1924 0 0 ) (2076 0 0 ) (2076 -56 0 ) (1924 -56 0 ) 
4 130 142 (1924 -56 0 ) (2076 -56 0 ) (2076 -56 208 ) (1924 -56 208 ) 
4 130 131 (1924 -56 64 ) (1924 -56 208 ) (1924 0 208 ) (1924 0 64 ) 
4 130 132 (1924 0 0 ) (1924 -56 0 ) (1924 -56 32 ) (1924 0 32 ) 
4 131 142 (1924 -56 64 ) (1924 -56 208 ) (1844 -56 208 ) (1844 -56 64 ) 
4 131 133 (1844 -56 64 ) (1844 -56 208 ) (1844 0 208 ) (1844 0 64 ) 
4 132 144 (1844 0 0 ) (1924 0 0 ) (1924 -56 0 ) (1844 -56 0 ) 
4 132 142 (1844 -56 0 ) (1924 -56 0 ) (1924 -56 32 ) (1844 -56 32 ) 
4 132 133 (1844 0 0 ) (1844 -56 0 ) (1844 -56 32 ) (1844 0 32 ) 
4 133 144 (1696 0 0 ) (1844 0 0 ) (1844 -56 0 ) (1696 -56 0 ) 
4 133 142 (1696 -56 0 ) (1844 -56 0 ) (1844 -56 208 ) (1696 -56 208 ) 
4 133 134 (1696 -56 48 ) (1696 -56 208 ) (1696 0 208 ) (1696 0 48 ) 
4 133 135 (1696 0 0 ) (1696 -56 0 ) (1696 -56 16 ) (1696 0 16 ) 
4 134 142 (1696 -56 48 ) (1696 -56 208 ) (1616 -56 208 ) (1616 -56 48 ) 
4 134 136 (1616 -56 48 ) (1616 -56 208 ) (1616 0 208 ) (1616 0 48 ) 
4 135 144 (1616 0 0 ) (1696 0 0 ) (1696 -56 0 ) (1616 -56 0 ) 
4 135 142 (1616 -56 0 ) (1696 -56 0 ) (1696 -56 16 ) (1616 -56 16 ) 
4 135 136 (1616 0 0 ) (1616 -56 0 ) (1616 -56 16 ) (1616 0 16 ) 
4 136 144 (1476 0 0 ) (1616 0 0 ) (1616 -56 0 ) (1476 -56 0 ) 
4 136 142 (1476 -56 0 ) (1616 -56 0 ) (1616 -56 208 ) (1476 -56 208 ) 
4 136 137 (1476 -56 32 ) (1476 -56 208 ) (1476 0 208 ) (1476 0 32 ) 
4 137 142 (1476 -56 32 ) (1476 -56 208 ) (1396 -56 208 ) (1396 -56 32 ) 
4 137 138 (1396 -56 32 ) (1396 -56 208 ) (1396 0 208 ) (1396 0 32 ) 
4 138 144 (1264 0 0 ) (1396 0 0 ) (1396 -56 0 ) (1264 -56 0 ) 
4 138 142 (1264 -56 0 ) (1396 -56 0 ) (1396 -56 208 ) (1264 -56 208 ) 
4 138 139 (1264 -56 16 ) (1264 -56 208 ) (1264 0 208 ) (1264 0 16 ) 
4 139 142 (1264 -56 16 ) (1264 -56 208 ) (1184 -56 208 ) (1184 -56 16 ) 
4 139 140 (1184 -56 16 ) (1184 -56 208 ) (1184 0 208 ) (1184 0 16 ) 
4 140 158 (0 0 208 ) (0 0 0 ) (0 -56 0 ) (0 -56 208 ) 
4 140 150 (416 0 0 ) (528 0 0 ) (528 -56 0 ) (416 -56 0 ) 
4 140 151 (224 0 0 ) (320 0 0 ) (320 -56 0 ) (224 -56 0 ) 
4 140 149 (624 0 0 ) (744 0 0 ) (744 -56 0 ) (624 -56 0 ) 
4 140 147 (1064 0 0 ) (1184 0 0 ) (1184 -56 0 ) (1064 -56 0 ) 
4 140 148 (840 0 0 ) (968 0 0 ) (968 -56 0 ) (840 -56 0 ) 
4 140 142 (0 -56 208 ) (0 -56 0 ) (1184 -56 0 ) (1184 -56 208 ) 
4 141 157 (0 -1024 1296 ) (0 -1024 1424 ) (0 -56 1424 ) (0 -56 1296 ) 
4 141 142 (0 -640 1296 ) (0 -56 1296 ) (4096 -56 1296 ) (4096 -640 1296 ) 
4 141 143 (4096 -1024 1296 ) (0 -1024 1296 ) (0 -736 1296 ) (4096 -736 1296 ) 
4 142 158 (0 -56 0 ) (0 -640 0 ) (0 -640 1296 ) (0 -56 1296 ) 
4 142 153 (0 -640 0 ) (0 -128 0 ) (224 -128 0 ) (224 -640 0 ) 
4 142 152 (224 -64 0 ) (4096 -64 0 ) (4096 -640 0 ) (224 -640 0 ) 
4 142 150 (416 -56 0 ) (528 -56 0 ) (528 -64 0 ) (416 -64 0 ) 
4 142 151 (224 -56 0 ) (320 -56 0 ) (320 -64 0 ) (224 -64 0 ) 
4 142 149 (624 -56 0 ) (744 -56 0 ) (744 -64 0 ) (624 -64 0 ) 
4 142 147 (1064 -56 0 ) (1184 -56 0 ) (1184 -64 0 ) (1064 -64 0 ) 
4 142 148 (840 -56 0 ) (968 -56 0 ) (968 -64 0 ) (840 -64 0 ) 
4 142 146 (1184 -56 0 ) (1264 -56 0 ) (1264 -64 0 ) (1184 -64 0 ) 
4 142 144 (1264 -56 0 ) (4096 -56 0 ) (4096 -64 0 ) (1264 -64 0 ) 
4 143 159 (0 -736 0 ) (0 -1024 0 ) (0 -1024 1296 ) (0 -736 1296 ) 
4 143 154 (4096 -1024 0 ) (0 -1024 0 ) (0 -736 0 ) (4096 -736 0 ) 
4 144 155 (1264 0 -32 ) (4096 0 -32 ) (4096 -64 -32 ) (1264 -64 -32 ) 
4 144 152 (1264 -64 -32 ) (4096 -64 -32 ) (4096 -64 0 ) (1264 -64 0 ) 
4 144 145 (1264 0 -32 ) (1264 -56 -32 ) (1264 -56 -16 ) (1264 0 -16 ) 
4 144 146 (1264 -56 -32 ) (1264 -64 -32 ) (1264 -64 0 ) (1264 -56 0 ) 
4 145 155 (1184 0 -32 ) (1264 0 -32 ) (1264 -56 -32 ) (1184 -56 -32 ) 
4 145 147 (1184 0 -32 ) (1184 -56 -32 ) (1184 -56 -16 ) (1184 0 -16 ) 
4 145 146 (1184 -56 -16 ) (1184 -56 -32 ) (1264 -56 -32 ) (1264 -56 -16 ) 
4 146 155 (1264 -56 -32 ) (1264 -64 -32 ) (1184 -64 -32 ) (1184 -56 -32 ) 
4 146 152 (1184 -64 -32 ) (1264 -64 -32 ) (1264 -64 0 ) (1184 -64 0 ) 
4 146 147 (1184 -56 -32 ) (1184 -64 -32 ) (1184 -64 0 ) (1184 -56 0 ) 
4 147 155 (1064 0 -32 ) (1184 0 -32 ) (1184 -64 -32 ) (1064 -64 -32 ) 
4 147 152 (1064 -64 -32 ) (1184 -64 -32 ) (1184 -64 0 ) (1064 -64 0 ) 
4 148 155 (840 0 -32 ) (968 0 -32 ) (968 -64 -32 ) (840 -64 -32 ) 
4 148 152 (840 -64 -32 ) (968 -64 -32 ) (968 -64 0 ) (840 -64 0 ) 
4 149 155 (624 0 -32 ) (744 0 -32 ) (744 -64 -32 ) (624 -64 -32 ) 
4 149 152 (624 -64 -32 ) (744 -64 -32 ) (744 -64 0 ) (624 -64 0 ) 
4 150 155 (416 0 -32 ) (528 0 -32 ) (528 -64 -32 ) (416 -64 -32 ) 
4 150 152 (416 -64 -32 ) (528 -64 -32 ) (528 -64 0 ) (416 -64 0 ) 
4 151 155 (224 0 -32 ) (320 0 -32 ) (320 -64 -32 ) (224 -64 -32 ) 
4 151 152 (224 -64 -32 ) (320 -64 -32 ) (320 -64 0 ) (224 -64 0 ) 
4 152 155 (224 -64 -32 ) (4096 -64 -32 ) (4096 -640 -32 ) (224 -640 -32 ) 
4 152 153 (224 -128 -32 ) (224 -640 -32 ) (224 -640 0 ) (224 -128 0 ) 
4 153 158 (0 -128 -32 ) (0 -640 -32 ) (0 -640 0 ) (0 -128 0 ) 
4 153 155 (0 -640 -32 ) (0 -128 -32 ) (224 -128 -32 ) (224 -640 -32 ) 
4 154 159 (0 -736 -32 ) (0 -1024 -32 ) (0 -1024 0 ) (0 -736 0 ) 
4 154 156 (4096 -1024 -32 ) (0 -1024 -32 ) (0 -736 -32 ) (4096 -736 -32 ) 
4 155 158 (0 0 -32 ) (0 0 -672 ) (0 -640 -672 ) (0 -640 -32 ) 
4 156 159 (0 -736 -672 ) (0 -1024 -672 ) (0 -1024 -32 ) (0 -736 -32 ) 
4 157 158 (-640 -640 1296 ) (-640 0 1296 ) (0 0 1296 ) (0 -640 1296 ) 
4 157 159 (0 -1024 1296 ) (-640 -1024 1296 ) (-640 -736 1296 ) (0 -736 1296 ) 
